<?xml version="1.0" encoding="UTF-8"?>
<testsuite xmlns:xsi="http://www.w3.org/2001/XMLSchema-instance" xsi:noNamespaceSchemaLocation="https://maven.apache.org/surefire/maven-surefire-plugin/xsd/surefire-test-report-3.0.xsd" version="3.0" name="com.mk.todo.TodoApplicationTests" time="5.913" tests="1" errors="0" skipped="0" failures="0">
  <properties>
[...]
</properties>
  <testcase name="contextLoads" classname="com.mk.todo.TodoApplicationTests" time="0.498">
    <system-out><![CDATA[11:14:43.820 [main] INFO org.springframework.test.context.support.AnnotationConfigContextLoaderUtils -- Could not detect default configuration classes for test class [com.mk.todo.TodoApplicationTests]: TodoApplicationTests does not declare any static, non-private, non-final, nested classes annotated with @Configuration.
11:14:43.949 [main] INFO org.springframework.boot.test.context.SpringBootTestContextBootstrapper -- Found @SpringBootConfiguration com.mk.todo.TodoApplication for test class com.mk.todo.TodoApplicationTests
  .   ____          _            __ _ _
 /\\ / ___'_ __ _ _(_)_ __  __ _ \ \ \ \
( ( )\___ | '_ | '_| | '_ \/ _` | \ \ \ \
 \\/  ___)| |_)| | | | | || (_| |  ) ) ) )
  '  |____| .__|_| |_|_| |_\__, | / / / /
 =========|_|==============|___/=/_/_/_/

 :: Spring Boot ::                (v3.3.0)

2024-09-02T11:14:44.611+05:30  INFO 23680 --- [todo] [           main] com.mk.todo.TodoApplicationTests         : Starting TodoApplicationTests using Java 22.0.1 with PID 23680 (started by Mukesh Kumar in D:\SpringLearnings\TodolistProject\todo-backend)
2024-09-02T11:14:44.613+05:30  INFO 23680 --- [todo] [           main] com.mk.todo.TodoApplicationTests         : No active profile set, falling back to 1 default profile: "default"
2024-09-02T11:14:45.342+05:30  INFO 23680 --- [todo] [           main] .s.d.r.c.RepositoryConfigurationDelegate : Bootstrapping Spring Data JPA repositories in DEFAULT mode.
2024-09-02T11:14:45.404+05:30  INFO 23680 --- [todo] [           main] .s.d.r.c.RepositoryConfigurationDelegate : Finished Spring Data repository scanning in 48 ms. Found 1 JPA repository interface.
2024-09-02T11:14:45.979+05:30 DEBUG 23680 --- [todo] [           main] o.hibernate.jpa.internal.util.LogHelper  : PersistenceUnitInfo [
	name: default
	persistence provider classname: null
	classloader: jdk.internal.loader.ClassLoaders$AppClassLoader@70dea4e
	excludeUnlistedClasses: true
	JTA datasource: null
	Non JTA datasource: HikariDataSource (null)
	Transaction type: RESOURCE_LOCAL
	PU root URL: file:/D:/SpringLearnings/TodolistProject/todo-backend/target/test-classes/
	Shared Cache Mode: UNSPECIFIED
	Validation Mode: AUTO
	Jar files URLs []
	Managed classes names [
		com.mk.todo.entity.Task]
	Mapping files names []
	Properties []
2024-09-02T11:14:46.008+05:30 DEBUG 23680 --- [todo] [           main] o.h.i.internal.IntegratorServiceImpl     : Adding Integrator [org.hibernate.boot.beanvalidation.BeanValidationIntegrator].
2024-09-02T11:14:46.010+05:30 DEBUG 23680 --- [todo] [           main] o.h.i.internal.IntegratorServiceImpl     : Adding Integrator [org.hibernate.cache.internal.CollectionCacheInvalidator].
2024-09-02T11:14:46.084+05:30  INFO 23680 --- [todo] [           main] org.hibernate.Version                    : HHH000412: Hibernate ORM core version 6.5.2.Final
2024-09-02T11:14:46.085+05:30 DEBUG 23680 --- [todo] [           main] org.hibernate.cfg.Environment            : HHH000206: 'hibernate.properties' not found
2024-09-02T11:14:46.106+05:30 DEBUG 23680 --- [todo] [           main] org.hibernate.orm.idgen.factory          : Registering IdentifierGenerator strategy [uuid2] -> [org.hibernate.id.UUIDGenerator]
2024-09-02T11:14:46.107+05:30 DEBUG 23680 --- [todo] [           main] org.hibernate.orm.idgen.factory          : Registering IdentifierGenerator strategy [guid] -> [org.hibernate.id.GUIDGenerator]
2024-09-02T11:14:46.107+05:30 DEBUG 23680 --- [todo] [           main] org.hibernate.orm.idgen.factory          : Registering IdentifierGenerator strategy [uuid] -> [org.hibernate.id.UUIDHexGenerator]
2024-09-02T11:14:46.107+05:30 DEBUG 23680 --- [todo] [           main] org.hibernate.orm.idgen.factory          : Registering IdentifierGenerator strategy [uuid.hex] -> [org.hibernate.id.UUIDHexGenerator]
2024-09-02T11:14:46.108+05:30 DEBUG 23680 --- [todo] [           main] org.hibernate.orm.idgen.factory          : Registering IdentifierGenerator strategy [assigned] -> [org.hibernate.id.Assigned]
2024-09-02T11:14:46.108+05:30 DEBUG 23680 --- [todo] [           main] org.hibernate.orm.idgen.factory          : Registering IdentifierGenerator strategy [identity] -> [org.hibernate.id.IdentityGenerator]
2024-09-02T11:14:46.109+05:30 DEBUG 23680 --- [todo] [           main] org.hibernate.orm.idgen.factory          : Registering IdentifierGenerator strategy [select] -> [org.hibernate.id.SelectGenerator]
2024-09-02T11:14:46.110+05:30 DEBUG 23680 --- [todo] [           main] org.hibernate.orm.idgen.factory          : Registering IdentifierGenerator strategy [sequence] -> [org.hibernate.id.enhanced.SequenceStyleGenerator]
2024-09-02T11:14:46.110+05:30 DEBUG 23680 --- [todo] [           main] org.hibernate.orm.idgen.factory          : Registering IdentifierGenerator strategy [increment] -> [org.hibernate.id.IncrementGenerator]
2024-09-02T11:14:46.111+05:30 DEBUG 23680 --- [todo] [           main] org.hibernate.orm.idgen.factory          : Registering IdentifierGenerator strategy [foreign] -> [org.hibernate.id.ForeignGenerator]
2024-09-02T11:14:46.111+05:30 DEBUG 23680 --- [todo] [           main] org.hibernate.orm.idgen.factory          : Registering IdentifierGenerator strategy [enhanced-sequence] -> [org.hibernate.id.enhanced.SequenceStyleGenerator]
2024-09-02T11:14:46.112+05:30 DEBUG 23680 --- [todo] [           main] org.hibernate.orm.idgen.factory          : Registering IdentifierGenerator strategy [enhanced-table] -> [org.hibernate.id.enhanced.TableGenerator]
2024-09-02T11:14:46.117+05:30 DEBUG 23680 --- [todo] [           main] o.h.c.internal.RegionFactoryInitiator    : Cannot default RegionFactory based on registered strategies as `[]` RegionFactory strategies were registered
2024-09-02T11:14:46.119+05:30  INFO 23680 --- [todo] [           main] o.h.c.internal.RegionFactoryInitiator    : HHH000026: Second-level cache disabled
2024-09-02T11:14:46.207+05:30 DEBUG 23680 --- [todo] [           main] org.hibernate.type.BasicTypeRegistry     : Adding type registration boolean -> org.hibernate.type.BasicTypeReference@12fcb2c3
2024-09-02T11:14:46.207+05:30 DEBUG 23680 --- [todo] [           main] org.hibernate.type.BasicTypeRegistry     : Adding type registration boolean -> org.hibernate.type.BasicTypeReference@12fcb2c3
2024-09-02T11:14:46.207+05:30 DEBUG 23680 --- [todo] [           main] org.hibernate.type.BasicTypeRegistry     : Adding type registration java.lang.Boolean -> org.hibernate.type.BasicTypeReference@12fcb2c3
2024-09-02T11:14:46.207+05:30 DEBUG 23680 --- [todo] [           main] org.hibernate.type.BasicTypeRegistry     : Adding type registration numeric_boolean -> org.hibernate.type.BasicTypeReference@57bd6a8f
2024-09-02T11:14:46.207+05:30 DEBUG 23680 --- [todo] [           main] org.hibernate.type.BasicTypeRegistry     : Adding type registration org.hibernate.type.NumericBooleanConverter -> org.hibernate.type.BasicTypeReference@57bd6a8f
2024-09-02T11:14:46.208+05:30 DEBUG 23680 --- [todo] [           main] org.hibernate.type.BasicTypeRegistry     : Adding type registration true_false -> org.hibernate.type.BasicTypeReference@39ab5ef7
2024-09-02T11:14:46.208+05:30 DEBUG 23680 --- [todo] [           main] org.hibernate.type.BasicTypeRegistry     : Adding type registration org.hibernate.type.TrueFalseConverter -> org.hibernate.type.BasicTypeReference@39ab5ef7
2024-09-02T11:14:46.208+05:30 DEBUG 23680 --- [todo] [           main] org.hibernate.type.BasicTypeRegistry     : Adding type registration yes_no -> org.hibernate.type.BasicTypeReference@517704
2024-09-02T11:14:46.208+05:30 DEBUG 23680 --- [todo] [           main] org.hibernate.type.BasicTypeRegistry     : Adding type registration org.hibernate.type.YesNoConverter -> org.hibernate.type.BasicTypeReference@517704
2024-09-02T11:14:46.208+05:30 DEBUG 23680 --- [todo] [           main] org.hibernate.type.BasicTypeRegistry     : Adding type registration byte -> org.hibernate.type.BasicTypeReference@77cca767
2024-09-02T11:14:46.208+05:30 DEBUG 23680 --- [todo] [           main] org.hibernate.type.BasicTypeRegistry     : Adding type registration byte -> org.hibernate.type.BasicTypeReference@77cca767
2024-09-02T11:14:46.208+05:30 DEBUG 23680 --- [todo] [           main] org.hibernate.type.BasicTypeRegistry     : Adding type registration java.lang.Byte -> org.hibernate.type.BasicTypeReference@77cca767
2024-09-02T11:14:46.208+05:30 DEBUG 23680 --- [todo] [           main] org.hibernate.type.BasicTypeRegistry     : Adding type registration binary -> org.hibernate.type.BasicTypeReference@4b195203
2024-09-02T11:14:46.208+05:30 DEBUG 23680 --- [todo] [           main] org.hibernate.type.BasicTypeRegistry     : Adding type registration byte[] -> org.hibernate.type.BasicTypeReference@4b195203
2024-09-02T11:14:46.209+05:30 DEBUG 23680 --- [todo] [           main] org.hibernate.type.BasicTypeRegistry     : Adding type registration [B -> org.hibernate.type.BasicTypeReference@4b195203
2024-09-02T11:14:46.209+05:30 DEBUG 23680 --- [todo] [           main] org.hibernate.type.BasicTypeRegistry     : Adding type registration binary_wrapper -> org.hibernate.type.BasicTypeReference@28a6e171
2024-09-02T11:14:46.209+05:30 DEBUG 23680 --- [todo] [           main] org.hibernate.type.BasicTypeRegistry     : Adding type registration wrapper-binary -> org.hibernate.type.BasicTypeReference@28a6e171
2024-09-02T11:14:46.209+05:30 DEBUG 23680 --- [todo] [           main] org.hibernate.type.BasicTypeRegistry     : Adding type registration image -> org.hibernate.type.BasicTypeReference@23444a36
2024-09-02T11:14:46.209+05:30 DEBUG 23680 --- [todo] [           main] org.hibernate.type.BasicTypeRegistry     : Adding type registration blob -> org.hibernate.type.BasicTypeReference@31a136a6
2024-09-02T11:14:46.209+05:30 DEBUG 23680 --- [todo] [           main] org.hibernate.type.BasicTypeRegistry     : Adding type registration java.sql.Blob -> org.hibernate.type.BasicTypeReference@31a136a6
2024-09-02T11:14:46.209+05:30 DEBUG 23680 --- [todo] [           main] org.hibernate.type.BasicTypeRegistry     : Adding type registration materialized_blob -> org.hibernate.type.BasicTypeReference@30a9e3db
2024-09-02T11:14:46.210+05:30 DEBUG 23680 --- [todo] [           main] org.hibernate.type.BasicTypeRegistry     : Adding type registration materialized_blob_wrapper -> org.hibernate.type.BasicTypeReference@2f9b21d6
2024-09-02T11:14:46.210+05:30 DEBUG 23680 --- [todo] [           main] org.hibernate.type.BasicTypeRegistry     : Adding type registration short -> org.hibernate.type.BasicTypeReference@2e0fdbe9
2024-09-02T11:14:46.210+05:30 DEBUG 23680 --- [todo] [           main] org.hibernate.type.BasicTypeRegistry     : Adding type registration short -> org.hibernate.type.BasicTypeReference@2e0fdbe9
2024-09-02T11:14:46.210+05:30 DEBUG 23680 --- [todo] [           main] org.hibernate.type.BasicTypeRegistry     : Adding type registration java.lang.Short -> org.hibernate.type.BasicTypeReference@2e0fdbe9
2024-09-02T11:14:46.210+05:30 DEBUG 23680 --- [todo] [           main] org.hibernate.type.BasicTypeRegistry     : Adding type registration integer -> org.hibernate.type.BasicTypeReference@16a3cc88
2024-09-02T11:14:46.210+05:30 DEBUG 23680 --- [todo] [           main] org.hibernate.type.BasicTypeRegistry     : Adding type registration int -> org.hibernate.type.BasicTypeReference@16a3cc88
2024-09-02T11:14:46.210+05:30 DEBUG 23680 --- [todo] [           main] org.hibernate.type.BasicTypeRegistry     : Adding type registration java.lang.Integer -> org.hibernate.type.BasicTypeReference@16a3cc88
2024-09-02T11:14:46.210+05:30 DEBUG 23680 --- [todo] [           main] org.hibernate.type.BasicTypeRegistry     : Adding type registration long -> org.hibernate.type.BasicTypeReference@696b52bc
2024-09-02T11:14:46.211+05:30 DEBUG 23680 --- [todo] [           main] org.hibernate.type.BasicTypeRegistry     : Adding type registration long -> org.hibernate.type.BasicTypeReference@696b52bc
2024-09-02T11:14:46.211+05:30 DEBUG 23680 --- [todo] [           main] org.hibernate.type.BasicTypeRegistry     : Adding type registration java.lang.Long -> org.hibernate.type.BasicTypeReference@696b52bc
2024-09-02T11:14:46.211+05:30 DEBUG 23680 --- [todo] [           main] org.hibernate.type.BasicTypeRegistry     : Adding type registration float -> org.hibernate.type.BasicTypeReference@1f884bd6
2024-09-02T11:14:46.211+05:30 DEBUG 23680 --- [todo] [           main] org.hibernate.type.BasicTypeRegistry     : Adding type registration float -> org.hibernate.type.BasicTypeReference@1f884bd6
2024-09-02T11:14:46.211+05:30 DEBUG 23680 --- [todo] [           main] org.hibernate.type.BasicTypeRegistry     : Adding type registration java.lang.Float -> org.hibernate.type.BasicTypeReference@1f884bd6
2024-09-02T11:14:46.211+05:30 DEBUG 23680 --- [todo] [           main] org.hibernate.type.BasicTypeRegistry     : Adding type registration double -> org.hibernate.type.BasicTypeReference@4f081b5d
2024-09-02T11:14:46.211+05:30 DEBUG 23680 --- [todo] [           main] org.hibernate.type.BasicTypeRegistry     : Adding type registration double -> org.hibernate.type.BasicTypeReference@4f081b5d
2024-09-02T11:14:46.211+05:30 DEBUG 23680 --- [todo] [           main] org.hibernate.type.BasicTypeRegistry     : Adding type registration java.lang.Double -> org.hibernate.type.BasicTypeReference@4f081b5d
2024-09-02T11:14:46.212+05:30 DEBUG 23680 --- [todo] [           main] org.hibernate.type.BasicTypeRegistry     : Adding type registration big_integer -> org.hibernate.type.BasicTypeReference@474749b8
2024-09-02T11:14:46.212+05:30 DEBUG 23680 --- [todo] [           main] org.hibernate.type.BasicTypeRegistry     : Adding type registration java.math.BigInteger -> org.hibernate.type.BasicTypeReference@474749b8
2024-09-02T11:14:46.212+05:30 DEBUG 23680 --- [todo] [           main] org.hibernate.type.BasicTypeRegistry     : Adding type registration big_decimal -> org.hibernate.type.BasicTypeReference@740a0d5e
2024-09-02T11:14:46.212+05:30 DEBUG 23680 --- [todo] [           main] org.hibernate.type.BasicTypeRegistry     : Adding type registration java.math.BigDecimal -> org.hibernate.type.BasicTypeReference@740a0d5e
2024-09-02T11:14:46.212+05:30 DEBUG 23680 --- [todo] [           main] org.hibernate.type.BasicTypeRegistry     : Adding type registration character -> org.hibernate.type.BasicTypeReference@29013ef2
2024-09-02T11:14:46.212+05:30 DEBUG 23680 --- [todo] [           main] org.hibernate.type.BasicTypeRegistry     : Adding type registration char -> org.hibernate.type.BasicTypeReference@29013ef2
2024-09-02T11:14:46.213+05:30 DEBUG 23680 --- [todo] [           main] org.hibernate.type.BasicTypeRegistry     : Adding type registration java.lang.Character -> org.hibernate.type.BasicTypeReference@29013ef2
2024-09-02T11:14:46.213+05:30 DEBUG 23680 --- [todo] [           main] org.hibernate.type.BasicTypeRegistry     : Adding type registration character_nchar -> org.hibernate.type.BasicTypeReference@265c1a7c
2024-09-02T11:14:46.213+05:30 DEBUG 23680 --- [todo] [           main] org.hibernate.type.BasicTypeRegistry     : Adding type registration string -> org.hibernate.type.BasicTypeReference@5b2b8d86
2024-09-02T11:14:46.213+05:30 DEBUG 23680 --- [todo] [           main] org.hibernate.type.BasicTypeRegistry     : Adding type registration java.lang.String -> org.hibernate.type.BasicTypeReference@5b2b8d86
2024-09-02T11:14:46.213+05:30 DEBUG 23680 --- [todo] [           main] org.hibernate.type.BasicTypeRegistry     : Adding type registration nstring -> org.hibernate.type.BasicTypeReference@7fef0b40
2024-09-02T11:14:46.213+05:30 DEBUG 23680 --- [todo] [           main] org.hibernate.type.BasicTypeRegistry     : Adding type registration characters -> org.hibernate.type.BasicTypeReference@5f395ce1
2024-09-02T11:14:46.213+05:30 DEBUG 23680 --- [todo] [           main] org.hibernate.type.BasicTypeRegistry     : Adding type registration char[] -> org.hibernate.type.BasicTypeReference@5f395ce1
2024-09-02T11:14:46.213+05:30 DEBUG 23680 --- [todo] [           main] org.hibernate.type.BasicTypeRegistry     : Adding type registration [C -> org.hibernate.type.BasicTypeReference@5f395ce1
2024-09-02T11:14:46.213+05:30 DEBUG 23680 --- [todo] [           main] org.hibernate.type.BasicTypeRegistry     : Adding type registration wrapper-characters -> org.hibernate.type.BasicTypeReference@19f02280
2024-09-02T11:14:46.214+05:30 DEBUG 23680 --- [todo] [           main] org.hibernate.type.BasicTypeRegistry     : Adding type registration text -> org.hibernate.type.BasicTypeReference@1e30db85
2024-09-02T11:14:46.214+05:30 DEBUG 23680 --- [todo] [           main] org.hibernate.type.BasicTypeRegistry     : Adding type registration ntext -> org.hibernate.type.BasicTypeReference@19827608
2024-09-02T11:14:46.214+05:30 DEBUG 23680 --- [todo] [           main] org.hibernate.type.BasicTypeRegistry     : Adding type registration clob -> org.hibernate.type.BasicTypeReference@cc9ef8d
2024-09-02T11:14:46.214+05:30 DEBUG 23680 --- [todo] [           main] org.hibernate.type.BasicTypeRegistry     : Adding type registration java.sql.Clob -> org.hibernate.type.BasicTypeReference@cc9ef8d
2024-09-02T11:14:46.214+05:30 DEBUG 23680 --- [todo] [           main] org.hibernate.type.BasicTypeRegistry     : Adding type registration nclob -> org.hibernate.type.BasicTypeReference@14b528b6
2024-09-02T11:14:46.214+05:30 DEBUG 23680 --- [todo] [           main] org.hibernate.type.BasicTypeRegistry     : Adding type registration java.sql.NClob -> org.hibernate.type.BasicTypeReference@14b528b6
2024-09-02T11:14:46.214+05:30 DEBUG 23680 --- [todo] [           main] org.hibernate.type.BasicTypeRegistry     : Adding type registration materialized_clob -> org.hibernate.type.BasicTypeReference@c412556
2024-09-02T11:14:46.214+05:30 DEBUG 23680 --- [todo] [           main] org.hibernate.type.BasicTypeRegistry     : Adding type registration materialized_clob_char_array -> org.hibernate.type.BasicTypeReference@6f930e0
2024-09-02T11:14:46.214+05:30 DEBUG 23680 --- [todo] [           main] org.hibernate.type.BasicTypeRegistry     : Adding type registration materialized_clob_character_array -> org.hibernate.type.BasicTypeReference@450f0235
2024-09-02T11:14:46.215+05:30 DEBUG 23680 --- [todo] [           main] org.hibernate.type.BasicTypeRegistry     : Adding type registration materialized_nclob -> org.hibernate.type.BasicTypeReference@78c262ba
2024-09-02T11:14:46.215+05:30 DEBUG 23680 --- [todo] [           main] org.hibernate.type.BasicTypeRegistry     : Adding type registration materialized_nclob_character_array -> org.hibernate.type.BasicTypeReference@7d2c9361
2024-09-02T11:14:46.215+05:30 DEBUG 23680 --- [todo] [           main] org.hibernate.type.BasicTypeRegistry     : Adding type registration materialized_nclob_char_array -> org.hibernate.type.BasicTypeReference@329dc214
2024-09-02T11:14:46.215+05:30 DEBUG 23680 --- [todo] [           main] org.hibernate.type.BasicTypeRegistry     : Adding type registration Duration -> org.hibernate.type.BasicTypeReference@fbe70d8
2024-09-02T11:14:46.215+05:30 DEBUG 23680 --- [todo] [           main] org.hibernate.type.BasicTypeRegistry     : Adding type registration java.time.Duration -> org.hibernate.type.BasicTypeReference@fbe70d8
2024-09-02T11:14:46.215+05:30 DEBUG 23680 --- [todo] [           main] org.hibernate.type.BasicTypeRegistry     : Adding type registration LocalDateTime -> org.hibernate.type.BasicTypeReference@64021427
2024-09-02T11:14:46.216+05:30 DEBUG 23680 --- [todo] [           main] org.hibernate.type.BasicTypeRegistry     : Adding type registration java.time.LocalDateTime -> org.hibernate.type.BasicTypeReference@64021427
2024-09-02T11:14:46.216+05:30 DEBUG 23680 --- [todo] [           main] org.hibernate.type.BasicTypeRegistry     : Adding type registration LocalDate -> org.hibernate.type.BasicTypeReference@7d2c345d
2024-09-02T11:14:46.216+05:30 DEBUG 23680 --- [todo] [           main] org.hibernate.type.BasicTypeRegistry     : Adding type registration java.time.LocalDate -> org.hibernate.type.BasicTypeReference@7d2c345d
2024-09-02T11:14:46.216+05:30 DEBUG 23680 --- [todo] [           main] org.hibernate.type.BasicTypeRegistry     : Adding type registration LocalTime -> org.hibernate.type.BasicTypeReference@217dc48e
2024-09-02T11:14:46.216+05:30 DEBUG 23680 --- [todo] [           main] org.hibernate.type.BasicTypeRegistry     : Adding type registration java.time.LocalTime -> org.hibernate.type.BasicTypeReference@217dc48e
2024-09-02T11:14:46.217+05:30 DEBUG 23680 --- [todo] [           main] org.hibernate.type.BasicTypeRegistry     : Adding type registration OffsetDateTime -> org.hibernate.type.BasicTypeReference@5db948c9
2024-09-02T11:14:46.217+05:30 DEBUG 23680 --- [todo] [           main] org.hibernate.type.BasicTypeRegistry     : Adding type registration java.time.OffsetDateTime -> org.hibernate.type.BasicTypeReference@5db948c9
2024-09-02T11:14:46.217+05:30 DEBUG 23680 --- [todo] [           main] org.hibernate.type.BasicTypeRegistry     : Adding type registration OffsetDateTimeWithTimezone -> org.hibernate.type.BasicTypeReference@296edc75
2024-09-02T11:14:46.217+05:30 DEBUG 23680 --- [todo] [           main] org.hibernate.type.BasicTypeRegistry     : Adding type registration OffsetDateTimeWithoutTimezone -> org.hibernate.type.BasicTypeReference@357c9bd9
2024-09-02T11:14:46.217+05:30 DEBUG 23680 --- [todo] [           main] org.hibernate.type.BasicTypeRegistry     : Adding type registration OffsetTime -> org.hibernate.type.BasicTypeReference@7aea704c
2024-09-02T11:14:46.217+05:30 DEBUG 23680 --- [todo] [           main] org.hibernate.type.BasicTypeRegistry     : Adding type registration java.time.OffsetTime -> org.hibernate.type.BasicTypeReference@7aea704c
2024-09-02T11:14:46.217+05:30 DEBUG 23680 --- [todo] [           main] org.hibernate.type.BasicTypeRegistry     : Adding type registration OffsetTimeUtc -> org.hibernate.type.BasicTypeReference@6d0290d8
2024-09-02T11:14:46.217+05:30 DEBUG 23680 --- [todo] [           main] org.hibernate.type.BasicTypeRegistry     : Adding type registration OffsetTimeWithTimezone -> org.hibernate.type.BasicTypeReference@32507479
2024-09-02T11:14:46.217+05:30 DEBUG 23680 --- [todo] [           main] org.hibernate.type.BasicTypeRegistry     : Adding type registration OffsetTimeWithoutTimezone -> org.hibernate.type.BasicTypeReference@632383b9
2024-09-02T11:14:46.218+05:30 DEBUG 23680 --- [todo] [           main] org.hibernate.type.BasicTypeRegistry     : Adding type registration ZonedDateTime -> org.hibernate.type.BasicTypeReference@4ae2e781
2024-09-02T11:14:46.218+05:30 DEBUG 23680 --- [todo] [           main] org.hibernate.type.BasicTypeRegistry     : Adding type registration java.time.ZonedDateTime -> org.hibernate.type.BasicTypeReference@4ae2e781
2024-09-02T11:14:46.218+05:30 DEBUG 23680 --- [todo] [           main] org.hibernate.type.BasicTypeRegistry     : Adding type registration ZonedDateTimeWithTimezone -> org.hibernate.type.BasicTypeReference@339f3a55
2024-09-02T11:14:46.218+05:30 DEBUG 23680 --- [todo] [           main] org.hibernate.type.BasicTypeRegistry     : Adding type registration ZonedDateTimeWithoutTimezone -> org.hibernate.type.BasicTypeReference@2dd63e3
2024-09-02T11:14:46.218+05:30 DEBUG 23680 --- [todo] [           main] org.hibernate.type.BasicTypeRegistry     : Adding type registration date -> org.hibernate.type.BasicTypeReference@7d1c164a
2024-09-02T11:14:46.218+05:30 DEBUG 23680 --- [todo] [           main] org.hibernate.type.BasicTypeRegistry     : Adding type registration java.sql.Date -> org.hibernate.type.BasicTypeReference@7d1c164a
2024-09-02T11:14:46.218+05:30 DEBUG 23680 --- [todo] [           main] org.hibernate.type.BasicTypeRegistry     : Adding type registration time -> org.hibernate.type.BasicTypeReference@209f3887
2024-09-02T11:14:46.218+05:30 DEBUG 23680 --- [todo] [           main] org.hibernate.type.BasicTypeRegistry     : Adding type registration java.sql.Time -> org.hibernate.type.BasicTypeReference@209f3887
2024-09-02T11:14:46.218+05:30 DEBUG 23680 --- [todo] [           main] org.hibernate.type.BasicTypeRegistry     : Adding type registration timestamp -> org.hibernate.type.BasicTypeReference@6a98f353
2024-09-02T11:14:46.218+05:30 DEBUG 23680 --- [todo] [           main] org.hibernate.type.BasicTypeRegistry     : Adding type registration java.sql.Timestamp -> org.hibernate.type.BasicTypeReference@6a98f353
2024-09-02T11:14:46.218+05:30 DEBUG 23680 --- [todo] [           main] org.hibernate.type.BasicTypeRegistry     : Adding type registration java.util.Date -> org.hibernate.type.BasicTypeReference@6a98f353
2024-09-02T11:14:46.219+05:30 DEBUG 23680 --- [todo] [           main] org.hibernate.type.BasicTypeRegistry     : Adding type registration calendar -> org.hibernate.type.BasicTypeReference@3b35798
2024-09-02T11:14:46.219+05:30 DEBUG 23680 --- [todo] [           main] org.hibernate.type.BasicTypeRegistry     : Adding type registration java.util.Calendar -> org.hibernate.type.BasicTypeReference@3b35798
2024-09-02T11:14:46.219+05:30 DEBUG 23680 --- [todo] [           main] org.hibernate.type.BasicTypeRegistry     : Adding type registration java.util.GregorianCalendar -> org.hibernate.type.BasicTypeReference@3b35798
2024-09-02T11:14:46.219+05:30 DEBUG 23680 --- [todo] [           main] org.hibernate.type.BasicTypeRegistry     : Adding type registration calendar_date -> org.hibernate.type.BasicTypeReference@1e00bfe2
2024-09-02T11:14:46.219+05:30 DEBUG 23680 --- [todo] [           main] org.hibernate.type.BasicTypeRegistry     : Adding type registration calendar_time -> org.hibernate.type.BasicTypeReference@4702e7a5
2024-09-02T11:14:46.219+05:30 DEBUG 23680 --- [todo] [           main] org.hibernate.type.BasicTypeRegistry     : Adding type registration instant -> org.hibernate.type.BasicTypeReference@6a2d867d
2024-09-02T11:14:46.219+05:30 DEBUG 23680 --- [todo] [           main] org.hibernate.type.BasicTypeRegistry     : Adding type registration java.time.Instant -> org.hibernate.type.BasicTypeReference@6a2d867d
2024-09-02T11:14:46.219+05:30 DEBUG 23680 --- [todo] [           main] org.hibernate.type.BasicTypeRegistry     : Adding type registration uuid -> org.hibernate.type.BasicTypeReference@73bb1337
2024-09-02T11:14:46.219+05:30 DEBUG 23680 --- [todo] [           main] org.hibernate.type.BasicTypeRegistry     : Adding type registration java.util.UUID -> org.hibernate.type.BasicTypeReference@73bb1337
2024-09-02T11:14:46.219+05:30 DEBUG 23680 --- [todo] [           main] org.hibernate.type.BasicTypeRegistry     : Adding type registration pg-uuid -> org.hibernate.type.BasicTypeReference@73bb1337
2024-09-02T11:14:46.219+05:30 DEBUG 23680 --- [todo] [           main] org.hibernate.type.BasicTypeRegistry     : Adding type registration uuid-binary -> org.hibernate.type.BasicTypeReference@685f5d0d
2024-09-02T11:14:46.219+05:30 DEBUG 23680 --- [todo] [           main] org.hibernate.type.BasicTypeRegistry     : Adding type registration uuid-char -> org.hibernate.type.BasicTypeReference@3830b06c
2024-09-02T11:14:46.220+05:30 DEBUG 23680 --- [todo] [           main] org.hibernate.type.BasicTypeRegistry     : Adding type registration class -> org.hibernate.type.BasicTypeReference@3e28d779
2024-09-02T11:14:46.220+05:30 DEBUG 23680 --- [todo] [           main] org.hibernate.type.BasicTypeRegistry     : Adding type registration java.lang.Class -> org.hibernate.type.BasicTypeReference@3e28d779
2024-09-02T11:14:46.220+05:30 DEBUG 23680 --- [todo] [           main] org.hibernate.type.BasicTypeRegistry     : Adding type registration currency -> org.hibernate.type.BasicTypeReference@15214920
2024-09-02T11:14:46.220+05:30 DEBUG 23680 --- [todo] [           main] org.hibernate.type.BasicTypeRegistry     : Adding type registration Currency -> org.hibernate.type.BasicTypeReference@15214920
2024-09-02T11:14:46.220+05:30 DEBUG 23680 --- [todo] [           main] org.hibernate.type.BasicTypeRegistry     : Adding type registration java.util.Currency -> org.hibernate.type.BasicTypeReference@15214920
2024-09-02T11:14:46.221+05:30 DEBUG 23680 --- [todo] [           main] org.hibernate.type.BasicTypeRegistry     : Adding type registration locale -> org.hibernate.type.BasicTypeReference@3a0aaaf0
2024-09-02T11:14:46.221+05:30 DEBUG 23680 --- [todo] [           main] org.hibernate.type.BasicTypeRegistry     : Adding type registration java.util.Locale -> org.hibernate.type.BasicTypeReference@3a0aaaf0
2024-09-02T11:14:46.221+05:30 DEBUG 23680 --- [todo] [           main] org.hibernate.type.BasicTypeRegistry     : Adding type registration serializable -> org.hibernate.type.BasicTypeReference@426131d7
2024-09-02T11:14:46.221+05:30 DEBUG 23680 --- [todo] [           main] org.hibernate.type.BasicTypeRegistry     : Adding type registration java.io.Serializable -> org.hibernate.type.BasicTypeReference@426131d7
2024-09-02T11:14:46.221+05:30 DEBUG 23680 --- [todo] [           main] org.hibernate.type.BasicTypeRegistry     : Adding type registration timezone -> org.hibernate.type.BasicTypeReference@5d9618f2
2024-09-02T11:14:46.221+05:30 DEBUG 23680 --- [todo] [           main] org.hibernate.type.BasicTypeRegistry     : Adding type registration java.util.TimeZone -> org.hibernate.type.BasicTypeReference@5d9618f2
2024-09-02T11:14:46.221+05:30 DEBUG 23680 --- [todo] [           main] org.hibernate.type.BasicTypeRegistry     : Adding type registration ZoneOffset -> org.hibernate.type.BasicTypeReference@7c7e73c5
2024-09-02T11:14:46.221+05:30 DEBUG 23680 --- [todo] [           main] org.hibernate.type.BasicTypeRegistry     : Adding type registration java.time.ZoneOffset -> org.hibernate.type.BasicTypeReference@7c7e73c5
2024-09-02T11:14:46.221+05:30 DEBUG 23680 --- [todo] [           main] org.hibernate.type.BasicTypeRegistry     : Adding type registration url -> org.hibernate.type.BasicTypeReference@13cc0b90
2024-09-02T11:14:46.221+05:30 DEBUG 23680 --- [todo] [           main] org.hibernate.type.BasicTypeRegistry     : Adding type registration java.net.URL -> org.hibernate.type.BasicTypeReference@13cc0b90
2024-09-02T11:14:46.221+05:30 DEBUG 23680 --- [todo] [           main] org.hibernate.type.BasicTypeRegistry     : Adding type registration vector -> org.hibernate.type.BasicTypeReference@58687fb7
2024-09-02T11:14:46.221+05:30 DEBUG 23680 --- [todo] [           main] org.hibernate.type.BasicTypeRegistry     : Adding type registration row_version -> org.hibernate.type.BasicTypeReference@3554bdc0
2024-09-02T11:14:46.228+05:30 DEBUG 23680 --- [todo] [           main] org.hibernate.type.BasicTypeRegistry     : Adding type registration object -> org.hibernate.type.JavaObjectType@46a123e4
2024-09-02T11:14:46.236+05:30 DEBUG 23680 --- [todo] [           main] org.hibernate.type.BasicTypeRegistry     : Adding type registration java.lang.Object -> org.hibernate.type.JavaObjectType@46a123e4
2024-09-02T11:14:46.239+05:30 DEBUG 23680 --- [todo] [           main] org.hibernate.type.BasicTypeRegistry     : Adding type registration null -> org.hibernate.type.NullType@501957bf
2024-09-02T11:14:46.240+05:30 DEBUG 23680 --- [todo] [           main] org.hibernate.type.BasicTypeRegistry     : Adding type registration imm_date -> org.hibernate.type.BasicTypeReference@5d1d9d73
2024-09-02T11:14:46.240+05:30 DEBUG 23680 --- [todo] [           main] org.hibernate.type.BasicTypeRegistry     : Adding type registration imm_time -> org.hibernate.type.BasicTypeReference@b30a50d
2024-09-02T11:14:46.240+05:30 DEBUG 23680 --- [todo] [           main] org.hibernate.type.BasicTypeRegistry     : Adding type registration imm_timestamp -> org.hibernate.type.BasicTypeReference@764a3e5d
2024-09-02T11:14:46.240+05:30 DEBUG 23680 --- [todo] [           main] org.hibernate.type.BasicTypeRegistry     : Adding type registration imm_calendar -> org.hibernate.type.BasicTypeReference@6c742b84
2024-09-02T11:14:46.240+05:30 DEBUG 23680 --- [todo] [           main] org.hibernate.type.BasicTypeRegistry     : Adding type registration imm_calendar_date -> org.hibernate.type.BasicTypeReference@5db3d57c
2024-09-02T11:14:46.240+05:30 DEBUG 23680 --- [todo] [           main] org.hibernate.type.BasicTypeRegistry     : Adding type registration imm_calendar_time -> org.hibernate.type.BasicTypeReference@53a50b0a
2024-09-02T11:14:46.240+05:30 DEBUG 23680 --- [todo] [           main] org.hibernate.type.BasicTypeRegistry     : Adding type registration imm_binary -> org.hibernate.type.BasicTypeReference@74ba6ff5
2024-09-02T11:14:46.240+05:30 DEBUG 23680 --- [todo] [           main] org.hibernate.type.BasicTypeRegistry     : Adding type registration imm_serializable -> org.hibernate.type.BasicTypeReference@395f52ed
2024-09-02T11:14:46.248+05:30 DEBUG 23680 --- [todo] [           main] o.h.boot.internal.BootstrapContextImpl   : Injecting JPA temp ClassLoader [org.springframework.instrument.classloading.SimpleThrowawayClassLoader@17c0274c] into BootstrapContext; was [null]
2024-09-02T11:14:46.248+05:30 DEBUG 23680 --- [todo] [           main] o.h.boot.internal.ClassLoaderAccessImpl  : ClassLoaderAccessImpl#injectTempClassLoader(org.springframework.instrument.classloading.SimpleThrowawayClassLoader@17c0274c) [was null]
2024-09-02T11:14:46.249+05:30 DEBUG 23680 --- [todo] [           main] o.h.boot.internal.BootstrapContextImpl   : Injecting ScanEnvironment [org.hibernate.jpa.boot.internal.StandardJpaScanEnvironmentImpl@250d440] into BootstrapContext; was [null]
2024-09-02T11:14:46.249+05:30 DEBUG 23680 --- [todo] [           main] o.h.boot.internal.BootstrapContextImpl   : Injecting ScanOptions [org.hibernate.boot.archive.scan.internal.StandardScanOptions@76c86567] into BootstrapContext; was [org.hibernate.boot.archive.scan.internal.StandardScanOptions@7e5efcab]
2024-09-02T11:14:46.547+05:30  INFO 23680 --- [todo] [           main] o.s.o.j.p.SpringPersistenceUnitInfo      : No LoadTimeWeaver setup: ignoring JPA class transformer
2024-09-02T11:14:46.547+05:30 DEBUG 23680 --- [todo] [           main] o.h.boot.internal.BootstrapContextImpl   : Injecting JPA temp ClassLoader [null] into BootstrapContext; was [org.springframework.instrument.classloading.SimpleThrowawayClassLoader@17c0274c]
2024-09-02T11:14:46.547+05:30 DEBUG 23680 --- [todo] [           main] o.h.boot.internal.ClassLoaderAccessImpl  : ClassLoaderAccessImpl#injectTempClassLoader(null) [was org.springframework.instrument.classloading.SimpleThrowawayClassLoader@17c0274c]
2024-09-02T11:14:46.581+05:30  INFO 23680 --- [todo] [           main] com.zaxxer.hikari.HikariDataSource       : HikariPool-1 - Starting...
2024-09-02T11:14:46.830+05:30  INFO 23680 --- [todo] [           main] com.zaxxer.hikari.pool.HikariPool        : HikariPool-1 - Added connection org.postgresql.jdbc.PgConnection@379f9555
2024-09-02T11:14:46.833+05:30  INFO 23680 --- [todo] [           main] com.zaxxer.hikari.HikariDataSource       : HikariPool-1 - Start completed.
2024-09-02T11:14:46.844+05:30 DEBUG 23680 --- [todo] [           main] o.h.e.j.e.i.JdbcEnvironmentInitiator     : Database ->
	   name : PostgreSQL
	version : 16.3
	  major : 16
	  minor : 3
2024-09-02T11:14:46.845+05:30 DEBUG 23680 --- [todo] [           main] o.h.e.j.e.i.JdbcEnvironmentInitiator     : Driver ->
	   name : PostgreSQL JDBC Driver
	version : 42.7.3
	  major : 42
	  minor : 7
2024-09-02T11:14:46.846+05:30 DEBUG 23680 --- [todo] [           main] o.h.e.j.e.i.JdbcEnvironmentInitiator     : JDBC version : 4.2
2024-09-02T11:14:46.890+05:30  WARN 23680 --- [todo] [           main] org.hibernate.orm.deprecation            : HHH90000025: PostgreSQLDialect does not need to be specified explicitly using 'hibernate.dialect' (remove the property setting and it will be selected by default)
2024-09-02T11:14:46.891+05:30 DEBUG 23680 --- [todo] [           main] org.hibernate.orm.dialect                : HHH035001: Using dialect: org.hibernate.dialect.PostgreSQLDialect, version: 16.3
2024-09-02T11:14:46.899+05:30 DEBUG 23680 --- [todo] [           main] o.h.e.j.env.spi.IdentifierHelperBuilder  : JDBC driver metadata reported database stores quoted identifiers in neither upper, lower nor mixed case
2024-09-02T11:14:46.909+05:30 DEBUG 23680 --- [todo] [           main] org.hibernate.orm.jdbc.lob               : HHH10010004: Disabling contextual LOB creation as Dialect reported it is not supported
2024-09-02T11:14:46.927+05:30 DEBUG 23680 --- [todo] [           main] o.h.t.d.sql.spi.DdlTypeRegistry          : addDescriptor(2003, org.hibernate.type.descriptor.sql.internal.ArrayDdlTypeImpl@20fcea37) replaced previous registration(org.hibernate.type.descriptor.sql.internal.ArrayDdlTypeImpl@399af6dc)
2024-09-02T11:14:46.928+05:30 DEBUG 23680 --- [todo] [           main] o.h.t.d.sql.spi.DdlTypeRegistry          : addDescriptor(6, org.hibernate.type.descriptor.sql.internal.CapacityDependentDdlType@48fc0211) replaced previous registration(org.hibernate.type.descriptor.sql.internal.DdlTypeImpl@3ae2702a)
2024-09-02T11:14:46.932+05:30 DEBUG 23680 --- [todo] [           main] o.h.t.d.jdbc.spi.JdbcTypeRegistry        : addDescriptor(2004, BlobTypeDescriptor(BLOB_BINDING)) replaced previous registration(BlobTypeDescriptor(DEFAULT))
2024-09-02T11:14:46.933+05:30 DEBUG 23680 --- [todo] [           main] o.h.t.d.jdbc.spi.JdbcTypeRegistry        : addDescriptor(2005, ClobTypeDescriptor(CLOB_BINDING)) replaced previous registration(ClobTypeDescriptor(DEFAULT))
2024-09-02T11:14:46.942+05:30 DEBUG 23680 --- [todo] [           main] org.hibernate.type.BasicTypeRegistry     : Adding type registration JAVA_OBJECT -> org.hibernate.type.JavaObjectType@30358dc7
2024-09-02T11:14:46.942+05:30 DEBUG 23680 --- [todo] [           main] org.hibernate.type.BasicTypeRegistry     : Adding type registration java.lang.Object -> org.hibernate.type.JavaObjectType@30358dc7
2024-09-02T11:14:46.942+05:30 DEBUG 23680 --- [todo] [           main] org.hibernate.type.BasicTypeRegistry     : Type registration key [java.lang.Object] overrode previous entry : `org.hibernate.type.JavaObjectType@46a123e4`
2024-09-02T11:14:46.947+05:30 DEBUG 23680 --- [todo] [           main] org.hibernate.type.BasicTypeRegistry     : Adding type registration org.hibernate.type.DurationType -> basicType@1(java.time.Duration,3015)
2024-09-02T11:14:46.949+05:30 DEBUG 23680 --- [todo] [           main] org.hibernate.type.BasicTypeRegistry     : Adding type registration Duration -> basicType@1(java.time.Duration,3015)
2024-09-02T11:14:46.949+05:30 DEBUG 23680 --- [todo] [           main] org.hibernate.type.BasicTypeRegistry     : Adding type registration java.time.Duration -> basicType@1(java.time.Duration,3015)
2024-09-02T11:14:46.954+05:30 DEBUG 23680 --- [todo] [           main] org.hibernate.type.BasicTypeRegistry     : Adding type registration org.hibernate.type.OffsetDateTimeType -> basicType@2(java.time.OffsetDateTime,3003)
2024-09-02T11:14:46.955+05:30 DEBUG 23680 --- [todo] [           main] org.hibernate.type.BasicTypeRegistry     : Adding type registration OffsetDateTime -> basicType@2(java.time.OffsetDateTime,3003)
2024-09-02T11:14:46.955+05:30 DEBUG 23680 --- [todo] [           main] org.hibernate.type.BasicTypeRegistry     : Adding type registration java.time.OffsetDateTime -> basicType@2(java.time.OffsetDateTime,3003)
2024-09-02T11:14:46.955+05:30 DEBUG 23680 --- [todo] [           main] org.hibernate.type.BasicTypeRegistry     : Adding type registration org.hibernate.type.ZonedDateTimeType -> basicType@3(java.time.ZonedDateTime,3003)
2024-09-02T11:14:46.955+05:30 DEBUG 23680 --- [todo] [           main] org.hibernate.type.BasicTypeRegistry     : Adding type registration ZonedDateTime -> basicType@3(java.time.ZonedDateTime,3003)
2024-09-02T11:14:46.955+05:30 DEBUG 23680 --- [todo] [           main] org.hibernate.type.BasicTypeRegistry     : Adding type registration java.time.ZonedDateTime -> basicType@3(java.time.ZonedDateTime,3003)
2024-09-02T11:14:46.956+05:30 DEBUG 23680 --- [todo] [           main] org.hibernate.type.BasicTypeRegistry     : Adding type registration org.hibernate.type.OffsetTimeType -> basicType@4(java.time.OffsetTime,3007)
2024-09-02T11:14:46.956+05:30 DEBUG 23680 --- [todo] [           main] org.hibernate.type.BasicTypeRegistry     : Adding type registration OffsetTime -> basicType@4(java.time.OffsetTime,3007)
2024-09-02T11:14:46.956+05:30 DEBUG 23680 --- [todo] [           main] org.hibernate.type.BasicTypeRegistry     : Adding type registration java.time.OffsetTime -> basicType@4(java.time.OffsetTime,3007)
2024-09-02T11:14:46.957+05:30 DEBUG 23680 --- [todo] [           main] o.h.type.spi.TypeConfiguration$Scope     : Scoping TypeConfiguration [org.hibernate.type.spi.TypeConfiguration@1846ad0f] to MetadataBuildingContext [org.hibernate.boot.internal.MetadataBuildingContextRootImpl@5597ca3]
2024-09-02T11:14:46.996+05:30 DEBUG 23680 --- [todo] [           main] o.h.boot.model.relational.Namespace      : Created database namespace [logicalName=Name{catalog=null, schema=null}, physicalName=Name{catalog=null, schema=null}]
2024-09-02T11:14:47.041+05:30 DEBUG 23680 --- [todo] [           main] o.h.boot.model.internal.EntityBinder     : Binding entity from annotated class: com.mk.todo.entity.Task
2024-09-02T11:14:47.047+05:30 DEBUG 23680 --- [todo] [           main] o.h.boot.model.internal.EntityBinder     : Import with entity name Task
2024-09-02T11:14:47.057+05:30 DEBUG 23680 --- [todo] [           main] o.h.boot.model.internal.EntityBinder     : Bind entity com.mk.todo.entity.Task on table tasks
2024-09-02T11:14:47.077+05:30 DEBUG 23680 --- [todo] [           main] o.h.boot.model.internal.AnnotatedColumn  : Binding column: AnnotatedDiscriminatorColumn(column='DTYPE')
2024-09-02T11:14:47.098+05:30 DEBUG 23680 --- [todo] [           main] o.h.boot.model.internal.AnnotatedColumn  : Binding column: AnnotatedColumn()
2024-09-02T11:14:47.100+05:30 DEBUG 23680 --- [todo] [           main] o.h.boot.internal.ClassLoaderAccessImpl  : Not known whether passed class name [com.mk.todo.entity.Task] is safe
2024-09-02T11:14:47.100+05:30 DEBUG 23680 --- [todo] [           main] o.h.boot.internal.ClassLoaderAccessImpl  : No temp ClassLoader provided; using live ClassLoader for loading potentially unsafe class : com.mk.todo.entity.Task
2024-09-02T11:14:47.113+05:30 DEBUG 23680 --- [todo] [           main] o.h.boot.model.internal.PropertyBinder   : MetadataSourceProcessor property id with lazy=false
2024-09-02T11:14:47.123+05:30 DEBUG 23680 --- [todo] [           main] o.h.b.m.internal.AbstractPropertyHolder  : Attempting to locate auto-apply AttributeConverter for property [com.mk.todo.entity.Task:id]
2024-09-02T11:14:47.128+05:30 DEBUG 23680 --- [todo] [           main] o.h.b.model.internal.BasicValueBinder    : building BasicValue for id
2024-09-02T11:14:47.133+05:30 DEBUG 23680 --- [todo] [           main] org.hibernate.mapping.BasicValue         : Skipping column re-registration: tasks.id
2024-09-02T11:14:47.136+05:30 DEBUG 23680 --- [todo] [           main] o.h.boot.model.internal.PropertyBinder   : Building property id
2024-09-02T11:14:47.143+05:30 DEBUG 23680 --- [todo] [           main] o.h.boot.model.internal.BinderHelper     : #makeIdGenerator(BasicValue([Column(id)]), id, identity, , ...)
2024-09-02T11:14:47.146+05:30 DEBUG 23680 --- [todo] [           main] o.h.boot.model.internal.AnnotatedColumn  : Binding column: AnnotatedColumn()
2024-09-02T11:14:47.147+05:30 DEBUG 23680 --- [todo] [           main] o.h.boot.model.internal.PropertyBinder   : MetadataSourceProcessor property completed with lazy=false
2024-09-02T11:14:47.147+05:30 DEBUG 23680 --- [todo] [           main] o.h.b.m.internal.AbstractPropertyHolder  : Attempting to locate auto-apply AttributeConverter for property [com.mk.todo.entity.Task:completed]
2024-09-02T11:14:47.147+05:30 DEBUG 23680 --- [todo] [           main] o.h.b.model.internal.BasicValueBinder    : building BasicValue for completed
2024-09-02T11:14:47.148+05:30 DEBUG 23680 --- [todo] [           main] org.hibernate.mapping.BasicValue         : Skipping column re-registration: tasks.completed
2024-09-02T11:14:47.148+05:30 DEBUG 23680 --- [todo] [           main] o.h.boot.model.internal.PropertyBinder   : Building property completed
2024-09-02T11:14:47.149+05:30 DEBUG 23680 --- [todo] [           main] o.h.boot.model.internal.AnnotatedColumn  : Binding column: AnnotatedColumn()
2024-09-02T11:14:47.149+05:30 DEBUG 23680 --- [todo] [           main] o.h.boot.model.internal.PropertyBinder   : MetadataSourceProcessor property description with lazy=false
2024-09-02T11:14:47.150+05:30 DEBUG 23680 --- [todo] [           main] o.h.b.m.internal.AbstractPropertyHolder  : Attempting to locate auto-apply AttributeConverter for property [com.mk.todo.entity.Task:description]
2024-09-02T11:14:47.150+05:30 DEBUG 23680 --- [todo] [           main] o.h.b.model.internal.BasicValueBinder    : building BasicValue for description
2024-09-02T11:14:47.151+05:30 DEBUG 23680 --- [todo] [           main] org.hibernate.mapping.BasicValue         : Skipping column re-registration: tasks.description
2024-09-02T11:14:47.151+05:30 DEBUG 23680 --- [todo] [           main] o.h.boot.model.internal.PropertyBinder   : Building property description
2024-09-02T11:14:47.154+05:30 DEBUG 23680 --- [todo] [           main] o.h.b.r.c.i.ClassLoaderServiceImpl       : HHH000194: Package not found or no package-info.java: com.mk.todo.entity
2024-09-02T11:14:47.159+05:30 DEBUG 23680 --- [todo] [           main] o.h.b.model.internal.BasicValueBinder    : Starting `BasicValueBinder#fillSimpleValue` for id
2024-09-02T11:14:47.162+05:30 DEBUG 23680 --- [todo] [           main] o.h.b.model.internal.BasicValueBinder    : Starting `BasicValueBinder#fillSimpleValue` for completed
2024-09-02T11:14:47.162+05:30 DEBUG 23680 --- [todo] [           main] o.h.b.model.internal.BasicValueBinder    : Starting `BasicValueBinder#fillSimpleValue` for description
2024-09-02T11:14:47.167+05:30 DEBUG 23680 --- [todo] [           main] org.hibernate.mapping.PrimaryKey         : Forcing column [id] to be non-null as it is part of the primary key for table [tasks]
2024-09-02T11:14:47.249+05:30 DEBUG 23680 --- [todo] [           main] o.hibernate.internal.SessionFactoryImpl  : Building session factory
2024-09-02T11:14:47.289+05:30 DEBUG 23680 --- [todo] [           main] .h.s.i.SessionFactoryServiceRegistryImpl : EventListenerRegistry access via ServiceRegistry is deprecated.  Use `sessionFactory.getEventEngine().getListenerRegistry()` instead
2024-09-02T11:14:47.289+05:30 DEBUG 23680 --- [todo] [           main] o.hibernate.internal.SessionFactoryImpl  : Instantiating SessionFactory with settings: {hibernate.format_sql=true, java.specification.version=22, sun.cpu.isalist=amd64, hibernate.resource.beans.container=org.springframework.orm.hibernate5.SpringBeanContainer@37f41a81, hibernate.connection.handling_mode=DELAYED_ACQUISITION_AND_HOLD, sun.jnu.encoding=Cp1252, hibernate.dialect=org.hibernate.dialect.PostgreSQLDialect, hibernate.implicit_naming_strategy=org.springframework.boot.orm.jpa.hibernate.SpringImplicitNamingStrategy, java.class.path=D:\SpringLearnings\TodolistProject\todo-backend\target\test-classes;D:\SpringLearnings\TodolistProject\todo-backend\target\classes;C:\Users\Mukesh Kumar\.m2\repository\org\springframework\boot\spring-boot-starter-data-jpa\3.3.0\spring-boot-starter-data-jpa-3.3.0.jar;C:\Users\Mukesh Kumar\.m2\repository\org\springframework\boot\spring-boot-starter-aop\3.3.0\spring-boot-starter-aop-3.3.0.jar;C:\Users\Mukesh Kumar\.m2\repository\org\springframework\spring-aop\6.1.8\spring-aop-6.1.8.jar;C:\Users\Mukesh Kumar\.m2\repository\org\aspectj\aspectjweaver\1.9.22\aspectjweaver-1.9.22.jar;C:\Users\Mukesh Kumar\.m2\repository\org\springframework\boot\spring-boot-starter-jdbc\3.3.0\spring-boot-starter-jdbc-3.3.0.jar;C:\Users\Mukesh Kumar\.m2\repository\com\zaxxer\HikariCP\5.1.0\HikariCP-5.1.0.jar;C:\Users\Mukesh Kumar\.m2\repository\org\springframework\spring-jdbc\6.1.8\spring-jdbc-6.1.8.jar;C:\Users\Mukesh Kumar\.m2\repository\org\hibernate\orm\hibernate-core\6.5.2.Final\hibernate-core-6.5.2.Final.jar;C:\Users\Mukesh Kumar\.m2\repository\jakarta\persistence\jakarta.persistence-api\3.1.0\jakarta.persistence-api-3.1.0.jar;C:\Users\Mukesh Kumar\.m2\repository\jakarta\transaction\jakarta.transaction-api\2.0.1\jakarta.transaction-api-2.0.1.jar;C:\Users\Mukesh Kumar\.m2\repository\org\jboss\logging\jboss-logging\3.5.3.Final\jboss-logging-3.5.3.Final.jar;C:\Users\Mukesh Kumar\.m2\repository\org\hibernate\common\hibernate-commons-annotations\6.0.6.Final\hibernate-commons-annotations-6.0.6.Final.jar;C:\Users\Mukesh Kumar\.m2\repository\io\smallrye\jandex\3.1.2\jandex-3.1.2.jar;C:\Users\Mukesh Kumar\.m2\repository\com\fasterxml\classmate\1.7.0\classmate-1.7.0.jar;C:\Users\Mukesh Kumar\.m2\repository\net\bytebuddy\byte-buddy\1.14.16\byte-buddy-1.14.16.jar;C:\Users\Mukesh Kumar\.m2\repository\org\glassfish\jaxb\jaxb-runtime\4.0.5\jaxb-runtime-4.0.5.jar;C:\Users\Mukesh Kumar\.m2\repository\org\glassfish\jaxb\jaxb-core\4.0.5\jaxb-core-4.0.5.jar;C:\Users\Mukesh Kumar\.m2\repository\org\eclipse\angus\angus-activation\2.0.2\angus-activation-2.0.2.jar;C:\Users\Mukesh Kumar\.m2\repository\org\glassfish\jaxb\txw2\4.0.5\txw2-4.0.5.jar;C:\Users\Mukesh Kumar\.m2\repository\com\sun\istack\istack-commons-runtime\4.1.2\istack-commons-runtime-4.1.2.jar;C:\Users\Mukesh Kumar\.m2\repository\jakarta\inject\jakarta.inject-api\2.0.1\jakarta.inject-api-2.0.1.jar;C:\Users\Mukesh Kumar\.m2\repository\org\antlr\antlr4-runtime\4.13.0\antlr4-runtime-4.13.0.jar;C:\Users\Mukesh Kumar\.m2\repository\org\springframework\data\spring-data-jpa\3.3.0\spring-data-jpa-3.3.0.jar;C:\Users\Mukesh Kumar\.m2\repository\org\springframework\data\spring-data-commons\3.3.0\spring-data-commons-3.3.0.jar;C:\Users\Mukesh Kumar\.m2\repository\org\springframework\spring-orm\6.1.8\spring-orm-6.1.8.jar;C:\Users\Mukesh Kumar\.m2\repository\org\springframework\spring-context\6.1.8\spring-context-6.1.8.jar;C:\Users\Mukesh Kumar\.m2\repository\org\springframework\spring-tx\6.1.8\spring-tx-6.1.8.jar;C:\Users\Mukesh Kumar\.m2\repository\org\springframework\spring-beans\6.1.8\spring-beans-6.1.8.jar;C:\Users\Mukesh Kumar\.m2\repository\jakarta\annotation\jakarta.annotation-api\2.1.1\jakarta.annotation-api-2.1.1.jar;C:\Users\Mukesh Kumar\.m2\repository\org\slf4j\slf4j-api\2.0.13\slf4j-api-2.0.13.jar;C:\Users\Mukesh Kumar\.m2\repository\org\springframework\spring-aspects\6.1.8\spring-aspects-6.1.8.jar;C:\Users\Mukesh Kumar\.m2\repository\org\springframework\boot\spring-boot-starter-web\3.3.0\spring-boot-starter-web-3.3.0.jar;C:\Users\Mukesh Kumar\.m2\repository\org\springframework\boot\spring-boot-starter\3.3.0\spring-boot-starter-3.3.0.jar;C:\Users\Mukesh Kumar\.m2\repository\org\springframework\boot\spring-boot\3.3.0\spring-boot-3.3.0.jar;C:\Users\Mukesh Kumar\.m2\repository\org\springframework\boot\spring-boot-autoconfigure\3.3.0\spring-boot-autoconfigure-3.3.0.jar;C:\Users\Mukesh Kumar\.m2\repository\org\springframework\boot\spring-boot-starter-logging\3.3.0\spring-boot-starter-logging-3.3.0.jar;C:\Users\Mukesh Kumar\.m2\repository\ch\qos\logback\logback-classic\1.5.6\logback-classic-1.5.6.jar;C:\Users\Mukesh Kumar\.m2\repository\ch\qos\logback\logback-core\1.5.6\logback-core-1.5.6.jar;C:\Users\Mukesh Kumar\.m2\repository\org\apache\logging\log4j\log4j-to-slf4j\2.23.1\log4j-to-slf4j-2.23.1.jar;C:\Users\Mukesh Kumar\.m2\repository\org\apache\logging\log4j\log4j-api\2.23.1\log4j-api-2.23.1.jar;C:\Users\Mukesh Kumar\.m2\repository\org\slf4j\jul-to-slf4j\2.0.13\jul-to-slf4j-2.0.13.jar;C:\Users\Mukesh Kumar\.m2\repository\org\yaml\snakeyaml\2.2\snakeyaml-2.2.jar;C:\Users\Mukesh Kumar\.m2\repository\org\springframework\boot\spring-boot-starter-json\3.3.0\spring-boot-starter-json-3.3.0.jar;C:\Users\Mukesh Kumar\.m2\repository\com\fasterxml\jackson\core\jackson-databind\2.17.1\jackson-databind-2.17.1.jar;C:\Users\Mukesh Kumar\.m2\repository\com\fasterxml\jackson\core\jackson-annotations\2.17.1\jackson-annotations-2.17.1.jar;C:\Users\Mukesh Kumar\.m2\repository\com\fasterxml\jackson\core\jackson-core\2.17.1\jackson-core-2.17.1.jar;C:\Users\Mukesh Kumar\.m2\repository\com\fasterxml\jackson\datatype\jackson-datatype-jdk8\2.17.1\jackson-datatype-jdk8-2.17.1.jar;C:\Users\Mukesh Kumar\.m2\repository\com\fasterxml\jackson\datatype\jackson-datatype-jsr310\2.17.1\jackson-datatype-jsr310-2.17.1.jar;C:\Users\Mukesh Kumar\.m2\repository\com\fasterxml\jackson\module\jackson-module-parameter-names\2.17.1\jackson-module-parameter-names-2.17.1.jar;C:\Users\Mukesh Kumar\.m2\repository\org\springframework\boot\spring-boot-starter-tomcat\3.3.0\spring-boot-starter-tomcat-3.3.0.jar;C:\Users\Mukesh Kumar\.m2\repository\org\apache\tomcat\embed\tomcat-embed-core\10.1.24\tomcat-embed-core-10.1.24.jar;C:\Users\Mukesh Kumar\.m2\repository\org\apache\tomcat\embed\tomcat-embed-el\10.1.24\tomcat-embed-el-10.1.24.jar;C:\Users\Mukesh Kumar\.m2\repository\org\apache\tomcat\embed\tomcat-embed-websocket\10.1.24\tomcat-embed-websocket-10.1.24.jar;C:\Users\Mukesh Kumar\.m2\repository\org\springframework\spring-web\6.1.8\spring-web-6.1.8.jar;C:\Users\Mukesh Kumar\.m2\repository\io\micrometer\micrometer-observation\1.13.0\micrometer-observation-1.13.0.jar;C:\Users\Mukesh Kumar\.m2\repository\io\micrometer\micrometer-commons\1.13.0\micrometer-commons-1.13.0.jar;C:\Users\Mukesh Kumar\.m2\repository\org\springframework\spring-webmvc\6.1.8\spring-webmvc-6.1.8.jar;C:\Users\Mukesh Kumar\.m2\repository\org\springframework\spring-expression\6.1.8\spring-expression-6.1.8.jar;C:\Users\Mukesh Kumar\.m2\repository\org\springframework\boot\spring-boot-starter-test\3.3.0\spring-boot-starter-test-3.3.0.jar;C:\Users\Mukesh Kumar\.m2\repository\org\springframework\boot\spring-boot-test\3.3.0\spring-boot-test-3.3.0.jar;C:\Users\Mukesh Kumar\.m2\repository\org\springframework\boot\spring-boot-test-autoconfigure\3.3.0\spring-boot-test-autoconfigure-3.3.0.jar;C:\Users\Mukesh Kumar\.m2\repository\com\jayway\jsonpath\json-path\2.9.0\json-path-2.9.0.jar;C:\Users\Mukesh Kumar\.m2\repository\jakarta\xml\bind\jakarta.xml.bind-api\4.0.2\jakarta.xml.bind-api-4.0.2.jar;C:\Users\Mukesh Kumar\.m2\repository\jakarta\activation\jakarta.activation-api\2.1.3\jakarta.activation-api-2.1.3.jar;C:\Users\Mukesh Kumar\.m2\repository\net\minidev\json-smart\2.5.1\json-smart-2.5.1.jar;C:\Users\Mukesh Kumar\.m2\repository\net\minidev\accessors-smart\2.5.1\accessors-smart-2.5.1.jar;C:\Users\Mukesh Kumar\.m2\repository\org\ow2\asm\asm\9.6\asm-9.6.jar;C:\Users\Mukesh Kumar\.m2\repository\org\assertj\assertj-core\3.25.3\assertj-core-3.25.3.jar;C:\Users\Mukesh Kumar\.m2\repository\org\awaitility\awaitility\4.2.1\awaitility-4.2.1.jar;C:\Users\Mukesh Kumar\.m2\repository\org\hamcrest\hamcrest\2.2\hamcrest-2.2.jar;C:\Users\Mukesh Kumar\.m2\repository\org\junit\jupiter\junit-jupiter\5.10.2\junit-jupiter-5.10.2.jar;C:\Users\Mukesh Kumar\.m2\repository\org\junit\jupiter\junit-jupiter-api\5.10.2\junit-jupiter-api-5.10.2.jar;C:\Users\Mukesh Kumar\.m2\repository\org\opentest4j\opentest4j\1.3.0\opentest4j-1.3.0.jar;C:\Users\Mukesh Kumar\.m2\repository\org\junit\platform\junit-platform-commons\1.10.2\junit-platform-commons-1.10.2.jar;C:\Users\Mukesh Kumar\.m2\repository\org\apiguardian\apiguardian-api\1.1.2\apiguardian-api-1.1.2.jar;C:\Users\Mukesh Kumar\.m2\repository\org\junit\jupiter\junit-jupiter-params\5.10.2\junit-jupiter-params-5.10.2.jar;C:\Users\Mukesh Kumar\.m2\repository\org\junit\jupiter\junit-jupiter-engine\5.10.2\junit-jupiter-engine-5.10.2.jar;C:\Users\Mukesh Kumar\.m2\repository\org\junit\platform\junit-platform-engine\1.10.2\junit-platform-engine-1.10.2.jar;C:\Users\Mukesh Kumar\.m2\repository\org\mockito\mockito-core\5.11.0\mockito-core-5.11.0.jar;C:\Users\Mukesh Kumar\.m2\repository\net\bytebuddy\byte-buddy-agent\1.14.16\byte-buddy-agent-1.14.16.jar;C:\Users\Mukesh Kumar\.m2\repository\org\objenesis\objenesis\3.3\objenesis-3.3.jar;C:\Users\Mukesh Kumar\.m2\repository\org\mockito\mockito-junit-jupiter\5.11.0\mockito-junit-jupiter-5.11.0.jar;C:\Users\Mukesh Kumar\.m2\repository\org\skyscreamer\jsonassert\1.5.1\jsonassert-1.5.1.jar;C:\Users\Mukesh Kumar\.m2\repository\com\vaadin\external\google\android-json\0.0.20131108.vaadin1\android-json-0.0.20131108.vaadin1.jar;C:\Users\Mukesh Kumar\.m2\repository\org\springframework\spring-core\6.1.8\spring-core-6.1.8.jar;C:\Users\Mukesh Kumar\.m2\repository\org\springframework\spring-jcl\6.1.8\spring-jcl-6.1.8.jar;C:\Users\Mukesh Kumar\.m2\repository\org\springframework\spring-test\6.1.8\spring-test-6.1.8.jar;C:\Users\Mukesh Kumar\.m2\repository\org\xmlunit\xmlunit-core\2.9.1\xmlunit-core-2.9.1.jar;C:\Users\Mukesh Kumar\.m2\repository\org\postgresql\postgresql\42.7.3\postgresql-42.7.3.jar;C:\Users\Mukesh Kumar\.m2\repository\org\checkerframework\checker-qual\3.42.0\checker-qual-3.42.0.jar;, java.vm.vendor=Oracle Corporation, sun.arch.data.model=64, user.variant=, java.vendor.url=https://java.oracle.com/, user.timezone=Asia/Calcutta, jakarta.persistence.sharedCache.mode=UNSPECIFIED, org.jboss.logging.provider=slf4j, java.vm.specification.version=22, os.name=Windows 11, jakarta.persistence.nonJtaDataSource=HikariDataSource (HikariPool-1), sun.java.launcher=SUN_STANDARD, user.country=IN, sun.boot.library.path=C:\Program Files\Java\jdk-22\bin, sun.java.command=C:\Users\Mukesh Kumar\AppData\Local\Temp\surefire4636290553316199953\surefirebooter-20240902111442890_3.jar C:\Users\Mukesh Kumar\AppData\Local\Temp\surefire4636290553316199953 2024-09-02T11-14-42_762-jvmRun1 surefire-20240902111442890_1tmp surefire_0-20240902111442890_2tmp, javax.persistence.nonJtaDataSource=HikariDataSource (HikariPool-1), hibernate.transaction.jta.platform=org.hibernate.engine.transaction.jta.platform.internal.NoJtaPlatform@47c81e89, jdk.debug=release, surefire.test.class.path=D:\SpringLearnings\TodolistProject\todo-backend\target\test-classes;D:\SpringLearnings\TodolistProject\todo-backend\target\classes;C:\Users\Mukesh Kumar\.m2\repository\org\springframework\boot\spring-boot-starter-data-jpa\3.3.0\spring-boot-starter-data-jpa-3.3.0.jar;C:\Users\Mukesh Kumar\.m2\repository\org\springframework\boot\spring-boot-starter-aop\3.3.0\spring-boot-starter-aop-3.3.0.jar;C:\Users\Mukesh Kumar\.m2\repository\org\springframework\spring-aop\6.1.8\spring-aop-6.1.8.jar;C:\Users\Mukesh Kumar\.m2\repository\org\aspectj\aspectjweaver\1.9.22\aspectjweaver-1.9.22.jar;C:\Users\Mukesh Kumar\.m2\repository\org\springframework\boot\spring-boot-starter-jdbc\3.3.0\spring-boot-starter-jdbc-3.3.0.jar;C:\Users\Mukesh Kumar\.m2\repository\com\zaxxer\HikariCP\5.1.0\HikariCP-5.1.0.jar;C:\Users\Mukesh Kumar\.m2\repository\org\springframework\spring-jdbc\6.1.8\spring-jdbc-6.1.8.jar;C:\Users\Mukesh Kumar\.m2\repository\org\hibernate\orm\hibernate-core\6.5.2.Final\hibernate-core-6.5.2.Final.jar;C:\Users\Mukesh Kumar\.m2\repository\jakarta\persistence\jakarta.persistence-api\3.1.0\jakarta.persistence-api-3.1.0.jar;C:\Users\Mukesh Kumar\.m2\repository\jakarta\transaction\jakarta.transaction-api\2.0.1\jakarta.transaction-api-2.0.1.jar;C:\Users\Mukesh Kumar\.m2\repository\org\jboss\logging\jboss-logging\3.5.3.Final\jboss-logging-3.5.3.Final.jar;C:\Users\Mukesh Kumar\.m2\repository\org\hibernate\common\hibernate-commons-annotations\6.0.6.Final\hibernate-commons-annotations-6.0.6.Final.jar;C:\Users\Mukesh Kumar\.m2\repository\io\smallrye\jandex\3.1.2\jandex-3.1.2.jar;C:\Users\Mukesh Kumar\.m2\repository\com\fasterxml\classmate\1.7.0\classmate-1.7.0.jar;C:\Users\Mukesh Kumar\.m2\repository\net\bytebuddy\byte-buddy\1.14.16\byte-buddy-1.14.16.jar;C:\Users\Mukesh Kumar\.m2\repository\org\glassfish\jaxb\jaxb-runtime\4.0.5\jaxb-runtime-4.0.5.jar;C:\Users\Mukesh Kumar\.m2\repository\org\glassfish\jaxb\jaxb-core\4.0.5\jaxb-core-4.0.5.jar;C:\Users\Mukesh Kumar\.m2\repository\org\eclipse\angus\angus-activation\2.0.2\angus-activation-2.0.2.jar;C:\Users\Mukesh Kumar\.m2\repository\org\glassfish\jaxb\txw2\4.0.5\txw2-4.0.5.jar;C:\Users\Mukesh Kumar\.m2\repository\com\sun\istack\istack-commons-runtime\4.1.2\istack-commons-runtime-4.1.2.jar;C:\Users\Mukesh Kumar\.m2\repository\jakarta\inject\jakarta.inject-api\2.0.1\jakarta.inject-api-2.0.1.jar;C:\Users\Mukesh Kumar\.m2\repository\org\antlr\antlr4-runtime\4.13.0\antlr4-runtime-4.13.0.jar;C:\Users\Mukesh Kumar\.m2\repository\org\springframework\data\spring-data-jpa\3.3.0\spring-data-jpa-3.3.0.jar;C:\Users\Mukesh Kumar\.m2\repository\org\springframework\data\spring-data-commons\3.3.0\spring-data-commons-3.3.0.jar;C:\Users\Mukesh Kumar\.m2\repository\org\springframework\spring-orm\6.1.8\spring-orm-6.1.8.jar;C:\Users\Mukesh Kumar\.m2\repository\org\springframework\spring-context\6.1.8\spring-context-6.1.8.jar;C:\Users\Mukesh Kumar\.m2\repository\org\springframework\spring-tx\6.1.8\spring-tx-6.1.8.jar;C:\Users\Mukesh Kumar\.m2\repository\org\springframework\spring-beans\6.1.8\spring-beans-6.1.8.jar;C:\Users\Mukesh Kumar\.m2\repository\jakarta\annotation\jakarta.annotation-api\2.1.1\jakarta.annotation-api-2.1.1.jar;C:\Users\Mukesh Kumar\.m2\repository\org\slf4j\slf4j-api\2.0.13\slf4j-api-2.0.13.jar;C:\Users\Mukesh Kumar\.m2\repository\org\springframework\spring-aspects\6.1.8\spring-aspects-6.1.8.jar;C:\Users\Mukesh Kumar\.m2\repository\org\springframework\boot\spring-boot-starter-web\3.3.0\spring-boot-starter-web-3.3.0.jar;C:\Users\Mukesh Kumar\.m2\repository\org\springframework\boot\spring-boot-starter\3.3.0\spring-boot-starter-3.3.0.jar;C:\Users\Mukesh Kumar\.m2\repository\org\springframework\boot\spring-boot\3.3.0\spring-boot-3.3.0.jar;C:\Users\Mukesh Kumar\.m2\repository\org\springframework\boot\spring-boot-autoconfigure\3.3.0\spring-boot-autoconfigure-3.3.0.jar;C:\Users\Mukesh Kumar\.m2\repository\org\springframework\boot\spring-boot-starter-logging\3.3.0\spring-boot-starter-logging-3.3.0.jar;C:\Users\Mukesh Kumar\.m2\repository\ch\qos\logback\logback-classic\1.5.6\logback-classic-1.5.6.jar;C:\Users\Mukesh Kumar\.m2\repository\ch\qos\logback\logback-core\1.5.6\logback-core-1.5.6.jar;C:\Users\Mukesh Kumar\.m2\repository\org\apache\logging\log4j\log4j-to-slf4j\2.23.1\log4j-to-slf4j-2.23.1.jar;C:\Users\Mukesh Kumar\.m2\repository\org\apache\logging\log4j\log4j-api\2.23.1\log4j-api-2.23.1.jar;C:\Users\Mukesh Kumar\.m2\repository\org\slf4j\jul-to-slf4j\2.0.13\jul-to-slf4j-2.0.13.jar;C:\Users\Mukesh Kumar\.m2\repository\org\yaml\snakeyaml\2.2\snakeyaml-2.2.jar;C:\Users\Mukesh Kumar\.m2\repository\org\springframework\boot\spring-boot-starter-json\3.3.0\spring-boot-starter-json-3.3.0.jar;C:\Users\Mukesh Kumar\.m2\repository\com\fasterxml\jackson\core\jackson-databind\2.17.1\jackson-databind-2.17.1.jar;C:\Users\Mukesh Kumar\.m2\repository\com\fasterxml\jackson\core\jackson-annotations\2.17.1\jackson-annotations-2.17.1.jar;C:\Users\Mukesh Kumar\.m2\repository\com\fasterxml\jackson\core\jackson-core\2.17.1\jackson-core-2.17.1.jar;C:\Users\Mukesh Kumar\.m2\repository\com\fasterxml\jackson\datatype\jackson-datatype-jdk8\2.17.1\jackson-datatype-jdk8-2.17.1.jar;C:\Users\Mukesh Kumar\.m2\repository\com\fasterxml\jackson\datatype\jackson-datatype-jsr310\2.17.1\jackson-datatype-jsr310-2.17.1.jar;C:\Users\Mukesh Kumar\.m2\repository\com\fasterxml\jackson\module\jackson-module-parameter-names\2.17.1\jackson-module-parameter-names-2.17.1.jar;C:\Users\Mukesh Kumar\.m2\repository\org\springframework\boot\spring-boot-starter-tomcat\3.3.0\spring-boot-starter-tomcat-3.3.0.jar;C:\Users\Mukesh Kumar\.m2\repository\org\apache\tomcat\embed\tomcat-embed-core\10.1.24\tomcat-embed-core-10.1.24.jar;C:\Users\Mukesh Kumar\.m2\repository\org\apache\tomcat\embed\tomcat-embed-el\10.1.24\tomcat-embed-el-10.1.24.jar;C:\Users\Mukesh Kumar\.m2\repository\org\apache\tomcat\embed\tomcat-embed-websocket\10.1.24\tomcat-embed-websocket-10.1.24.jar;C:\Users\Mukesh Kumar\.m2\repository\org\springframework\spring-web\6.1.8\spring-web-6.1.8.jar;C:\Users\Mukesh Kumar\.m2\repository\io\micrometer\micrometer-observation\1.13.0\micrometer-observation-1.13.0.jar;C:\Users\Mukesh Kumar\.m2\repository\io\micrometer\micrometer-commons\1.13.0\micrometer-commons-1.13.0.jar;C:\Users\Mukesh Kumar\.m2\repository\org\springframework\spring-webmvc\6.1.8\spring-webmvc-6.1.8.jar;C:\Users\Mukesh Kumar\.m2\repository\org\springframework\spring-expression\6.1.8\spring-expression-6.1.8.jar;C:\Users\Mukesh Kumar\.m2\repository\org\springframework\boot\spring-boot-starter-test\3.3.0\spring-boot-starter-test-3.3.0.jar;C:\Users\Mukesh Kumar\.m2\repository\org\springframework\boot\spring-boot-test\3.3.0\spring-boot-test-3.3.0.jar;C:\Users\Mukesh Kumar\.m2\repository\org\springframework\boot\spring-boot-test-autoconfigure\3.3.0\spring-boot-test-autoconfigure-3.3.0.jar;C:\Users\Mukesh Kumar\.m2\repository\com\jayway\jsonpath\json-path\2.9.0\json-path-2.9.0.jar;C:\Users\Mukesh Kumar\.m2\repository\jakarta\xml\bind\jakarta.xml.bind-api\4.0.2\jakarta.xml.bind-api-4.0.2.jar;C:\Users\Mukesh Kumar\.m2\repository\jakarta\activation\jakarta.activation-api\2.1.3\jakarta.activation-api-2.1.3.jar;C:\Users\Mukesh Kumar\.m2\repository\net\minidev\json-smart\2.5.1\json-smart-2.5.1.jar;C:\Users\Mukesh Kumar\.m2\repository\net\minidev\accessors-smart\2.5.1\accessors-smart-2.5.1.jar;C:\Users\Mukesh Kumar\.m2\repository\org\ow2\asm\asm\9.6\asm-9.6.jar;C:\Users\Mukesh Kumar\.m2\repository\org\assertj\assertj-core\3.25.3\assertj-core-3.25.3.jar;C:\Users\Mukesh Kumar\.m2\repository\org\awaitility\awaitility\4.2.1\awaitility-4.2.1.jar;C:\Users\Mukesh Kumar\.m2\repository\org\hamcrest\hamcrest\2.2\hamcrest-2.2.jar;C:\Users\Mukesh Kumar\.m2\repository\org\junit\jupiter\junit-jupiter\5.10.2\junit-jupiter-5.10.2.jar;C:\Users\Mukesh Kumar\.m2\repository\org\junit\jupiter\junit-jupiter-api\5.10.2\junit-jupiter-api-5.10.2.jar;C:\Users\Mukesh Kumar\.m2\repository\org\opentest4j\opentest4j\1.3.0\opentest4j-1.3.0.jar;C:\Users\Mukesh Kumar\.m2\repository\org\junit\platform\junit-platform-commons\1.10.2\junit-platform-commons-1.10.2.jar;C:\Users\Mukesh Kumar\.m2\repository\org\apiguardian\apiguardian-api\1.1.2\apiguardian-api-1.1.2.jar;C:\Users\Mukesh Kumar\.m2\repository\org\junit\jupiter\junit-jupiter-params\5.10.2\junit-jupiter-params-5.10.2.jar;C:\Users\Mukesh Kumar\.m2\repository\org\junit\jupiter\junit-jupiter-engine\5.10.2\junit-jupiter-engine-5.10.2.jar;C:\Users\Mukesh Kumar\.m2\repository\org\junit\platform\junit-platform-engine\1.10.2\junit-platform-engine-1.10.2.jar;C:\Users\Mukesh Kumar\.m2\repository\org\mockito\mockito-core\5.11.0\mockito-core-5.11.0.jar;C:\Users\Mukesh Kumar\.m2\repository\net\bytebuddy\byte-buddy-agent\1.14.16\byte-buddy-agent-1.14.16.jar;C:\Users\Mukesh Kumar\.m2\repository\org\objenesis\objenesis\3.3\objenesis-3.3.jar;C:\Users\Mukesh Kumar\.m2\repository\org\mockito\mockito-junit-jupiter\5.11.0\mockito-junit-jupiter-5.11.0.jar;C:\Users\Mukesh Kumar\.m2\repository\org\skyscreamer\jsonassert\1.5.1\jsonassert-1.5.1.jar;C:\Users\Mukesh Kumar\.m2\repository\com\vaadin\external\google\android-json\0.0.20131108.vaadin1\android-json-0.0.20131108.vaadin1.jar;C:\Users\Mukesh Kumar\.m2\repository\org\springframework\spring-core\6.1.8\spring-core-6.1.8.jar;C:\Users\Mukesh Kumar\.m2\repository\org\springframework\spring-jcl\6.1.8\spring-jcl-6.1.8.jar;C:\Users\Mukesh Kumar\.m2\repository\org\springframework\spring-test\6.1.8\spring-test-6.1.8.jar;C:\Users\Mukesh Kumar\.m2\repository\org\xmlunit\xmlunit-core\2.9.1\xmlunit-core-2.9.1.jar;C:\Users\Mukesh Kumar\.m2\repository\org\postgresql\postgresql\42.7.3\postgresql-42.7.3.jar;C:\Users\Mukesh Kumar\.m2\repository\org\checkerframework\checker-qual\3.42.0\checker-qual-3.42.0.jar;, sun.cpu.endian=little, hibernate.cdi.extensions=true, user.home=C:\Users\Mukesh Kumar, user.language=en, java.specification.vendor=Oracle Corporation, java.version.date=2024-04-16, java.home=C:\Program Files\Java\jdk-22, file.separator=\, basedir=D:\SpringLearnings\TodolistProject\todo-backend, java.vm.compressedOopsMode=Zero based, line.separator=
, hibernate.persistenceUnitName=default, java.vm.specification.vendor=Oracle Corporation, java.specification.name=Java Platform API Specification, FILE_LOG_CHARSET=UTF-8, hibernate.transaction.coordinator_class=class org.hibernate.resource.transaction.backend.jdbc.internal.JdbcResourceLocalTransactionCoordinatorBuilderImpl, java.awt.headless=true, surefire.real.class.path=C:\Users\Mukesh Kumar\AppData\Local\Temp\surefire4636290553316199953\surefirebooter-20240902111442890_3.jar, jakarta.persistence.validation.mode=AUTO, hibernate.hbm2ddl.auto=update, user.script=, sun.management.compiler=HotSpot 64-Bit Tiered Compilers, java.runtime.version=22.0.1+8-16, user.name=Mukesh Kumar, stdout.encoding=Cp1252, path.separator=;, os.version=10.0, java.runtime.name=Java(TM) SE Runtime Environment, file.encoding=UTF-8, java.vm.name=Java HotSpot(TM) 64-Bit Server VM, hibernate.show_sql=true, localRepository=C:\Users\Mukesh Kumar\.m2\repository, java.vendor.url.bug=https://bugreport.java.com/bugreport/, java.io.tmpdir=C:\Users\MUKESH~1\AppData\Local\Temp\, idea.version=2024.1.3, java.version=22.0.1, hibernate.physical_naming_strategy=org.hibernate.boot.model.naming.CamelCaseToUnderscoresNamingStrategy, user.dir=D:\SpringLearnings\TodolistProject\todo-backend, os.arch=amd64, java.vm.specification.name=Java Virtual Machine Specification, PID=23680, sun.os.patch.level=, CONSOLE_LOG_CHARSET=UTF-8, hibernate.boot.CfgXmlAccessService.key=org.hibernate.boot.registry.StandardServiceRegistryBuilder$1@49bb808f, native.encoding=Cp1252, java.library.path=C:\Program Files\Java\jdk-22\bin;C:\windows\Sun\Java\bin;C:\windows\system32;C:\windows;C:\Program Files\Common Files\Oracle\Java\javapath;C:\Program Files (x86)\Common Files\Oracle\Java\javapath;C:\windows\system32;C:\windows;C:\windows\System32\Wbem;C:\windows\System32\WindowsPowerShell\v1.0\;C:\windows\System32\OpenSSH\;C:\Program Files (x86)\NVIDIA Corporation\PhysX\Common;C:\Program Files\NVIDIA Corporation\NVIDIA NvDLISR;C:\Users\Administrator\AppData\Local\Microsoft\WindowsApps;C:\Program Files\HP\OMEN-Broadcast\Common;C:\Program Files\HP\HP One Agent;C:\Program Files\Git\cmd;C:\Program Files\Java\jdk-22\bin;C:\Program Files\nodejs\;C:\Program Files\Docker\Docker\resources\bin;C:\Program Files\apache-maven-3.9.9\bin;C:\Program Files\MySQL\MySQL Shell 8.0\bin\;C:\Users\Mukesh Kumar\AppData\Local\Microsoft\WindowsApps;C:\Users\Mukesh Kumar\AppData\Local\Programs\Microsoft VS Code\bin;C:\Users\Mukesh Kumar\AppData\Roaming\npm;., stderr.encoding=Cp1252, java.vendor=Oracle Corporation, java.vm.info=mixed mode, sharing, java.vm.version=22.0.1+8-16, sun.io.unicode.encoding=UnicodeLittle, hibernate.archive.scanner=org.hibernate.boot.archive.scan.internal.DisabledScanner, hibernate.connection.datasource=HikariDataSource (HikariPool-1), java.class.version=66.0, LOGGED_APPLICATION_NAME=[todo] }
2024-09-02T11:14:47.294+05:30 DEBUG 23680 --- [todo] [           main] o.hibernate.internal.SessionFactoryImpl  : Session factory constructed with filter configurations : {}
2024-09-02T11:14:47.342+05:30 DEBUG 23680 --- [todo] [           main] o.h.q.sqm.function.SqmFunctionRegistry   : Registered SqmFunctionTemplate [NamedSqmFunctionTemplate(max)] under max; prior registration was null
2024-09-02T11:14:47.342+05:30 DEBUG 23680 --- [todo] [           main] o.h.q.sqm.function.SqmFunctionRegistry   : Registered SqmFunctionTemplate [NamedSqmFunctionTemplate(min)] under min; prior registration was null
2024-09-02T11:14:47.343+05:30 DEBUG 23680 --- [todo] [           main] o.h.q.sqm.function.SqmFunctionRegistry   : Registered SqmFunctionTemplate [NamedSqmFunctionTemplate(sum)] under sum; prior registration was null
2024-09-02T11:14:47.345+05:30 DEBUG 23680 --- [todo] [           main] o.h.q.sqm.function.SqmFunctionRegistry   : Registered SqmFunctionTemplate [NamedSqmFunctionTemplate(avg)] under avg; prior registration was null
2024-09-02T11:14:47.349+05:30 DEBUG 23680 --- [todo] [           main] o.h.q.sqm.function.SqmFunctionRegistry   : Registered SqmFunctionTemplate [org.hibernate.dialect.function.CountFunction@3b2c8bda] under count; prior registration was null
2024-09-02T11:14:47.350+05:30 DEBUG 23680 --- [todo] [           main] o.h.q.sqm.function.SqmFunctionRegistry   : Registered SqmFunctionTemplate [org.hibernate.dialect.function.EveryAnyEmulation@1b632442] under every; prior registration was null
2024-09-02T11:14:47.351+05:30 DEBUG 23680 --- [todo] [           main] o.h.q.sqm.function.SqmFunctionRegistry   : Registered SqmFunctionTemplate [org.hibernate.dialect.function.EveryAnyEmulation@7227926b] under any; prior registration was null
2024-09-02T11:14:47.352+05:30 DEBUG 23680 --- [todo] [           main] o.h.q.sqm.function.SqmFunctionRegistry   : Registered SqmFunctionTemplate [NamedSqmFunctionTemplate(floor)] under floor; prior registration was null
2024-09-02T11:14:47.353+05:30 DEBUG 23680 --- [todo] [           main] o.h.q.sqm.function.SqmFunctionRegistry   : Registered SqmFunctionTemplate [NamedSqmFunctionTemplate(ceiling)] under ceiling; prior registration was null
2024-09-02T11:14:47.353+05:30 DEBUG 23680 --- [todo] [           main] o.h.q.sqm.function.SqmFunctionRegistry   : Registered SqmFunctionTemplate [NamedSqmFunctionTemplate(mod)] under mod; prior registration was null
2024-09-02T11:14:47.353+05:30 DEBUG 23680 --- [todo] [           main] o.h.q.sqm.function.SqmFunctionRegistry   : Registered SqmFunctionTemplate [NamedSqmFunctionTemplate(abs)] under abs; prior registration was null
2024-09-02T11:14:47.353+05:30 DEBUG 23680 --- [todo] [           main] o.h.q.sqm.function.SqmFunctionRegistry   : Registered SqmFunctionTemplate [NamedSqmFunctionTemplate(sign)] under sign; prior registration was null
2024-09-02T11:14:47.354+05:30 DEBUG 23680 --- [todo] [           main] o.h.q.sqm.function.SqmFunctionRegistry   : Registered SqmFunctionTemplate [NamedSqmFunctionTemplate(sqrt)] under sqrt; prior registration was null
2024-09-02T11:14:47.354+05:30 DEBUG 23680 --- [todo] [           main] o.h.q.sqm.function.SqmFunctionRegistry   : Registered SqmFunctionTemplate [NamedSqmFunctionTemplate(ln)] under ln; prior registration was null
2024-09-02T11:14:47.354+05:30 DEBUG 23680 --- [todo] [           main] o.h.q.sqm.function.SqmFunctionRegistry   : Registered SqmFunctionTemplate [NamedSqmFunctionTemplate(exp)] under exp; prior registration was null
2024-09-02T11:14:47.355+05:30 DEBUG 23680 --- [todo] [           main] o.h.q.sqm.function.SqmFunctionRegistry   : Registered SqmFunctionTemplate [NamedSqmFunctionTemplate(power)] under power; prior registration was null
2024-09-02T11:14:47.356+05:30 DEBUG 23680 --- [todo] [           main] o.h.q.sqm.function.SqmFunctionRegistry   : Registered SqmFunctionTemplate [NamedSqmFunctionTemplate(round)] under round; prior registration was null
2024-09-02T11:14:47.356+05:30 DEBUG 23680 --- [todo] [           main] o.h.q.sqm.function.SqmFunctionRegistry   : Registered SqmFunctionTemplate [NamedSqmFunctionTemplate(sin)] under sin; prior registration was null
2024-09-02T11:14:47.356+05:30 DEBUG 23680 --- [todo] [           main] o.h.q.sqm.function.SqmFunctionRegistry   : Registered SqmFunctionTemplate [NamedSqmFunctionTemplate(cos)] under cos; prior registration was null
2024-09-02T11:14:47.356+05:30 DEBUG 23680 --- [todo] [           main] o.h.q.sqm.function.SqmFunctionRegistry   : Registered SqmFunctionTemplate [NamedSqmFunctionTemplate(tan)] under tan; prior registration was null
2024-09-02T11:14:47.357+05:30 DEBUG 23680 --- [todo] [           main] o.h.q.sqm.function.SqmFunctionRegistry   : Registered SqmFunctionTemplate [NamedSqmFunctionTemplate(asin)] under asin; prior registration was null
2024-09-02T11:14:47.357+05:30 DEBUG 23680 --- [todo] [           main] o.h.q.sqm.function.SqmFunctionRegistry   : Registered SqmFunctionTemplate [NamedSqmFunctionTemplate(acos)] under acos; prior registration was null
2024-09-02T11:14:47.357+05:30 DEBUG 23680 --- [todo] [           main] o.h.q.sqm.function.SqmFunctionRegistry   : Registered SqmFunctionTemplate [NamedSqmFunctionTemplate(atan)] under atan; prior registration was null
2024-09-02T11:14:47.357+05:30 DEBUG 23680 --- [todo] [           main] o.h.q.sqm.function.SqmFunctionRegistry   : Registered SqmFunctionTemplate [NamedSqmFunctionTemplate(atan2)] under atan2; prior registration was null
2024-09-02T11:14:47.359+05:30 DEBUG 23680 --- [todo] [           main] o.h.q.sqm.function.SqmFunctionRegistry   : Registered SqmFunctionTemplate [org.hibernate.query.sqm.function.PatternBasedSqmFunctionDescriptor@45b27ad3] under sinh; prior registration was null
2024-09-02T11:14:47.359+05:30 DEBUG 23680 --- [todo] [           main] o.h.q.sqm.function.SqmFunctionRegistry   : Registered SqmFunctionTemplate [org.hibernate.query.sqm.function.PatternBasedSqmFunctionDescriptor@3f908bc0] under cosh; prior registration was null
2024-09-02T11:14:47.360+05:30 DEBUG 23680 --- [todo] [           main] o.h.q.sqm.function.SqmFunctionRegistry   : Registered SqmFunctionTemplate [org.hibernate.query.sqm.function.PatternBasedSqmFunctionDescriptor@422ba9b7] under tanh; prior registration was null
2024-09-02T11:14:47.360+05:30 DEBUG 23680 --- [todo] [           main] o.h.q.sqm.function.SqmFunctionRegistry   : Registered SqmFunctionTemplate [org.hibernate.query.sqm.function.PatternBasedSqmFunctionDescriptor@26cdd4af] under pi; prior registration was null
2024-09-02T11:14:47.360+05:30 DEBUG 23680 --- [todo] [           main] o.h.q.sqm.function.SqmFunctionRegistry   : Registered SqmFunctionTemplate [org.hibernate.query.sqm.function.PatternBasedSqmFunctionDescriptor@707f4647] under log; prior registration was null
2024-09-02T11:14:47.361+05:30 DEBUG 23680 --- [todo] [           main] o.h.q.sqm.function.SqmFunctionRegistry   : Registered SqmFunctionTemplate [NamedSqmFunctionTemplate(coalesce)] under coalesce; prior registration was null
2024-09-02T11:14:47.361+05:30 DEBUG 23680 --- [todo] [           main] o.h.q.sqm.function.SqmFunctionRegistry   : Registered SqmFunctionTemplate [NamedSqmFunctionTemplate(nullif)] under nullif; prior registration was null
2024-09-02T11:14:47.361+05:30 DEBUG 23680 --- [todo] [           main] o.h.q.sqm.function.SqmFunctionRegistry   : Registered SqmFunctionTemplate [NamedSqmFunctionTemplate(left)] under left; prior registration was null
2024-09-02T11:14:47.361+05:30 DEBUG 23680 --- [todo] [           main] o.h.q.sqm.function.SqmFunctionRegistry   : Registered SqmFunctionTemplate [NamedSqmFunctionTemplate(right)] under right; prior registration was null
2024-09-02T11:14:47.361+05:30 DEBUG 23680 --- [todo] [           main] o.h.q.sqm.function.SqmFunctionRegistry   : Registered SqmFunctionTemplate [NamedSqmFunctionTemplate(replace)] under replace; prior registration was null
2024-09-02T11:14:47.362+05:30 DEBUG 23680 --- [todo] [           main] o.h.q.sqm.function.SqmFunctionRegistry   : Registered SqmFunctionTemplate [NamedSqmFunctionTemplate(concat)] under concat; prior registration was null
2024-09-02T11:14:47.362+05:30 DEBUG 23680 --- [todo] [           main] o.h.q.sqm.function.SqmFunctionRegistry   : Registered SqmFunctionTemplate [NamedSqmFunctionTemplate(lower)] under lower; prior registration was null
2024-09-02T11:14:47.362+05:30 DEBUG 23680 --- [todo] [           main] o.h.q.sqm.function.SqmFunctionRegistry   : Registered SqmFunctionTemplate [NamedSqmFunctionTemplate(upper)] under upper; prior registration was null
2024-09-02T11:14:47.363+05:30 DEBUG 23680 --- [todo] [           main] o.h.q.sqm.function.SqmFunctionRegistry   : Registered SqmFunctionTemplate [NamedSqmFunctionTemplate(substring)] under substring; prior registration was null
[...]
2024-09-02T11:14:47.426+05:30 DEBUG 23680 --- [todo] [           main] org.hibernate.HQL_FUNCTIONS              : String left(STRING string, INTEGER length)
2024-09-02T11:14:47.426+05:30 DEBUG 23680 --- [todo] [           main] org.hibernate.HQL_FUNCTIONS              : Integer length(STRING_OR_CLOB arg)
2024-09-02T11:14:47.427+05:30 DEBUG 23680 --- [todo] [           main] org.hibernate.HQL_FUNCTIONS              : String listagg(STRING arg0, STRING arg1)
2024-09-02T11:14:47.427+05:30 DEBUG 23680 --- [todo] [           main] org.hibernate.HQL_FUNCTIONS              : Double ln(NUMERIC arg)
2024-09-02T11:14:47.427+05:30 DEBUG 23680 --- [todo] [           main] org.hibernate.HQL_FUNCTIONS              : LocalDate local date
2024-09-02T11:14:47.427+05:30 DEBUG 23680 --- [todo] [           main] org.hibernate.HQL_FUNCTIONS              : LocalDateTime local datetime
2024-09-02T11:14:47.427+05:30 DEBUG 23680 --- [todo] [           main] org.hibernate.HQL_FUNCTIONS              : LocalTime local time
2024-09-02T11:14:47.427+05:30 DEBUG 23680 --- [todo] [           main] org.hibernate.HQL_FUNCTIONS              : LocalDate local_date
2024-09-02T11:14:47.427+05:30 DEBUG 23680 --- [todo] [           main] org.hibernate.HQL_FUNCTIONS              : LocalDateTime local_datetime
2024-09-02T11:14:47.427+05:30 DEBUG 23680 --- [todo] [           main] org.hibernate.HQL_FUNCTIONS              : LocalTime local_time
2024-09-02T11:14:47.427+05:30 DEBUG 23680 --- [todo] [           main] org.hibernate.HQL_FUNCTIONS              : Time localtime
2024-09-02T11:14:47.427+05:30 DEBUG 23680 --- [todo] [           main] org.hibernate.HQL_FUNCTIONS              : Timestamp localtimestamp
2024-09-02T11:14:47.427+05:30 DEBUG 23680 --- [todo] [           main] org.hibernate.HQL_FUNCTIONS              : Integer locate(STRING pattern, STRING string[, INTEGER start])
2024-09-02T11:14:47.427+05:30 DEBUG 23680 --- [todo] [           main] org.hibernate.HQL_FUNCTIONS              : Double log(NUMERIC arg0[, NUMERIC arg1])
2024-09-02T11:14:47.427+05:30 DEBUG 23680 --- [todo] [           main] org.hibernate.HQL_FUNCTIONS              : Double log10(NUMERIC arg)
2024-09-02T11:14:47.427+05:30 DEBUG 23680 --- [todo] [           main] org.hibernate.HQL_FUNCTIONS              : String lower(STRING string)
2024-09-02T11:14:47.428+05:30 DEBUG 23680 --- [todo] [           main] org.hibernate.HQL_FUNCTIONS              : String lpad(STRING string, INTEGER length[, STRING padding])
2024-09-02T11:14:47.428+05:30 DEBUG 23680 --- [todo] [           main] org.hibernate.HQL_FUNCTIONS              : String ltrim(STRING string[, STRING characters])
2024-09-02T11:14:47.428+05:30 DEBUG 23680 --- [todo] [           main] org.hibernate.HQL_FUNCTIONS              : Date make_date(INTEGER arg0, INTEGER arg1, INTEGER arg2)
2024-09-02T11:14:47.428+05:30 DEBUG 23680 --- [todo] [           main] org.hibernate.HQL_FUNCTIONS              : Time make_time(INTEGER arg0, INTEGER arg1, INTEGER arg2)
2024-09-02T11:14:47.428+05:30 DEBUG 23680 --- [todo] [           main] org.hibernate.HQL_FUNCTIONS              : Timestamp make_timestamp(INTEGER arg0, INTEGER arg1, INTEGER arg2, INTEGER arg3, INTEGER arg4, INTEGER arg5)
2024-09-02T11:14:47.428+05:30 DEBUG 23680 --- [todo] [           main] org.hibernate.HQL_FUNCTIONS              : Timestamp make_timestamptz(INTEGER arg0, INTEGER arg1, INTEGER arg2, INTEGER arg3, INTEGER arg4, INTEGER arg5[, INTEGER arg6])
2024-09-02T11:14:47.428+05:30 DEBUG 23680 --- [todo] [           main] org.hibernate.HQL_FUNCTIONS              : max(COMPARABLE arg)
2024-09-02T11:14:47.428+05:30 DEBUG 23680 --- [todo] [           main] org.hibernate.HQL_FUNCTIONS              : String md5(arg)
2024-09-02T11:14:47.428+05:30 DEBUG 23680 --- [todo] [           main] org.hibernate.HQL_FUNCTIONS              : Double median(NUMERIC arg)
2024-09-02T11:14:47.428+05:30 DEBUG 23680 --- [todo] [           main] org.hibernate.HQL_FUNCTIONS              : min(COMPARABLE arg)
2024-09-02T11:14:47.428+05:30 DEBUG 23680 --- [todo] [           main] org.hibernate.HQL_FUNCTIONS              : Integer mod(INTEGER arg0, INTEGER arg1)
2024-09-02T11:14:47.428+05:30 DEBUG 23680 --- [todo] [           main] org.hibernate.HQL_FUNCTIONS              : mode()
2024-09-02T11:14:47.428+05:30 DEBUG 23680 --- [todo] [           main] org.hibernate.HQL_FUNCTIONS              : nth_valueANY value, INTEGER nth
2024-09-02T11:14:47.428+05:30 DEBUG 23680 --- [todo] [           main] org.hibernate.HQL_FUNCTIONS              : nullif(arg0, arg1)
2024-09-02T11:14:47.428+05:30 DEBUG 23680 --- [todo] [           main] org.hibernate.HQL_FUNCTIONS              : Integer octet_length(STRING_OR_CLOB arg)
2024-09-02T11:14:47.428+05:30 DEBUG 23680 --- [todo] [           main] org.hibernate.HQL_FUNCTIONS              : OffsetDateTime offset datetime
2024-09-02T11:14:47.428+05:30 DEBUG 23680 --- [todo] [           main] org.hibernate.HQL_FUNCTIONS              : OffsetDateTime offset_datetime
2024-09-02T11:14:47.428+05:30 DEBUG 23680 --- [todo] [           main] org.hibernate.HQL_FUNCTIONS              : String overlay(string placing replacement from start[ for length])
2024-09-02T11:14:47.428+05:30 DEBUG 23680 --- [todo] [           main] org.hibernate.HQL_FUNCTIONS              : String pad(STRING string with INTEGER length {leading|trailing}[ STRING character])
2024-09-02T11:14:47.429+05:30 DEBUG 23680 --- [todo] [           main] org.hibernate.HQL_FUNCTIONS              : Double percent_rank([arg0[, ...]])
2024-09-02T11:14:47.429+05:30 DEBUG 23680 --- [todo] [           main] org.hibernate.HQL_FUNCTIONS              : percentile_cont(NUMERIC arg)
2024-09-02T11:14:47.429+05:30 DEBUG 23680 --- [todo] [           main] org.hibernate.HQL_FUNCTIONS              : percentile_disc(NUMERIC arg)
2024-09-02T11:14:47.429+05:30 DEBUG 23680 --- [todo] [           main] org.hibernate.HQL_FUNCTIONS              : Double pi
2024-09-02T11:14:47.429+05:30 DEBUG 23680 --- [todo] [           main] org.hibernate.HQL_FUNCTIONS              : Integer position(STRING pattern in STRING string)
2024-09-02T11:14:47.429+05:30 DEBUG 23680 --- [todo] [           main] org.hibernate.HQL_FUNCTIONS              : Double power(NUMERIC arg0, NUMERIC arg1)
2024-09-02T11:14:47.429+05:30 DEBUG 23680 --- [todo] [           main] org.hibernate.HQL_FUNCTIONS              : Double radians(NUMERIC arg)
2024-09-02T11:14:47.429+05:30 DEBUG 23680 --- [todo] [           main] org.hibernate.HQL_FUNCTIONS              : Long rank([arg0[, ...]])
2024-09-02T11:14:47.429+05:30 DEBUG 23680 --- [todo] [           main] org.hibernate.HQL_FUNCTIONS              : Double regr_avgx(NUMERIC arg0, NUMERIC arg1)
2024-09-02T11:14:47.429+05:30 DEBUG 23680 --- [todo] [           main] org.hibernate.HQL_FUNCTIONS              : Double regr_avgy(NUMERIC arg0, NUMERIC arg1)
2024-09-02T11:14:47.429+05:30 DEBUG 23680 --- [todo] [           main] org.hibernate.HQL_FUNCTIONS              : Double regr_count(NUMERIC arg0, NUMERIC arg1)
2024-09-02T11:14:47.429+05:30 DEBUG 23680 --- [todo] [           main] org.hibernate.HQL_FUNCTIONS              : Double regr_intercept(NUMERIC arg0, NUMERIC arg1)
2024-09-02T11:14:47.429+05:30 DEBUG 23680 --- [todo] [           main] org.hibernate.HQL_FUNCTIONS              : Double regr_r2(NUMERIC arg0, NUMERIC arg1)
2024-09-02T11:14:47.429+05:30 DEBUG 23680 --- [todo] [           main] org.hibernate.HQL_FUNCTIONS              : Double regr_slope(NUMERIC arg0, NUMERIC arg1)
2024-09-02T11:14:47.429+05:30 DEBUG 23680 --- [todo] [           main] org.hibernate.HQL_FUNCTIONS              : Double regr_sxx(NUMERIC arg0, NUMERIC arg1)
2024-09-02T11:14:47.430+05:30 DEBUG 23680 --- [todo] [           main] org.hibernate.HQL_FUNCTIONS              : Double regr_sxy(NUMERIC arg0, NUMERIC arg1)
2024-09-02T11:14:47.430+05:30 DEBUG 23680 --- [todo] [           main] org.hibernate.HQL_FUNCTIONS              : Double regr_syy(NUMERIC arg0, NUMERIC arg1)
2024-09-02T11:14:47.430+05:30 DEBUG 23680 --- [todo] [           main] org.hibernate.HQL_FUNCTIONS              : String repeat(STRING string, INTEGER times)
2024-09-02T11:14:47.430+05:30 DEBUG 23680 --- [todo] [           main] org.hibernate.HQL_FUNCTIONS              : String replace(STRING string, STRING pattern, STRING replacement)
2024-09-02T11:14:47.430+05:30 DEBUG 23680 --- [todo] [           main] org.hibernate.HQL_FUNCTIONS              : String right(STRING string, INTEGER length)
2024-09-02T11:14:47.430+05:30 DEBUG 23680 --- [todo] [           main] org.hibernate.HQL_FUNCTIONS              : round(NUMERIC number[, INTEGER places])
2024-09-02T11:14:47.430+05:30 DEBUG 23680 --- [todo] [           main] org.hibernate.HQL_FUNCTIONS              : Long row_number()
2024-09-02T11:14:47.430+05:30 DEBUG 23680 --- [todo] [           main] org.hibernate.HQL_FUNCTIONS              : String rpad(STRING string, INTEGER length[, STRING padding])
2024-09-02T11:14:47.430+05:30 DEBUG 23680 --- [todo] [           main] org.hibernate.HQL_FUNCTIONS              : String rtrim(STRING string[, STRING characters])
2024-09-02T11:14:47.430+05:30 DEBUG 23680 --- [todo] [           main] org.hibernate.HQL_FUNCTIONS              : Integer sign(NUMERIC arg)
2024-09-02T11:14:47.430+05:30 DEBUG 23680 --- [todo] [           main] org.hibernate.HQL_FUNCTIONS              : Double sin(NUMERIC arg)
2024-09-02T11:14:47.430+05:30 DEBUG 23680 --- [todo] [           main] org.hibernate.HQL_FUNCTIONS              : Double sinh(NUMERIC arg)
2024-09-02T11:14:47.430+05:30 DEBUG 23680 --- [todo] [           main] org.hibernate.HQL_FUNCTIONS              : String soundex(arg)
2024-09-02T11:14:47.430+05:30 DEBUG 23680 --- [todo] [           main] org.hibernate.HQL_FUNCTIONS              : Object sql
2024-09-02T11:14:47.430+05:30 DEBUG 23680 --- [todo] [           main] org.hibernate.HQL_FUNCTIONS              : Double sqrt(NUMERIC arg)
2024-09-02T11:14:47.430+05:30 DEBUG 23680 --- [todo] [           main] org.hibernate.HQL_FUNCTIONS              : Double stddev(NUMERIC arg)
2024-09-02T11:14:47.430+05:30 DEBUG 23680 --- [todo] [           main] org.hibernate.HQL_FUNCTIONS              : Double stddev_pop(NUMERIC arg)
2024-09-02T11:14:47.430+05:30 DEBUG 23680 --- [todo] [           main] org.hibernate.HQL_FUNCTIONS              : Double stddev_samp(NUMERIC arg)
2024-09-02T11:14:47.430+05:30 DEBUG 23680 --- [todo] [           main] org.hibernate.HQL_FUNCTIONS              : String str(arg)
2024-09-02T11:14:47.430+05:30 DEBUG 23680 --- [todo] [           main] org.hibernate.HQL_FUNCTIONS              : String substr(STRING string, INTEGER start[, INTEGER length])
2024-09-02T11:14:47.430+05:30 DEBUG 23680 --- [todo] [           main] org.hibernate.HQL_FUNCTIONS              : String substring(STRING string{ from|,} INTEGER start[{ for|,} INTEGER length])
2024-09-02T11:14:47.430+05:30 DEBUG 23680 --- [todo] [           main] org.hibernate.HQL_FUNCTIONS              : sum(arg)
2024-09-02T11:14:47.430+05:30 DEBUG 23680 --- [todo] [           main] org.hibernate.HQL_FUNCTIONS              : Double tan(NUMERIC arg)
2024-09-02T11:14:47.430+05:30 DEBUG 23680 --- [todo] [           main] org.hibernate.HQL_FUNCTIONS              : Double tanh(NUMERIC arg)
2024-09-02T11:14:47.430+05:30 DEBUG 23680 --- [todo] [           main] org.hibernate.HQL_FUNCTIONS              : timestampadd(TEMPORAL_UNIT field, INTEGER magnitude, TEMPORAL datetime)
2024-09-02T11:14:47.430+05:30 DEBUG 23680 --- [todo] [           main] org.hibernate.HQL_FUNCTIONS              : Long|Double timestampdiff(TEMPORAL_UNIT field, TEMPORAL start, TEMPORAL end)
2024-09-02T11:14:47.430+05:30 DEBUG 23680 --- [todo] [           main] org.hibernate.HQL_FUNCTIONS              : String to_char(ANY arg0[, STRING arg1, STRING arg2])
2024-09-02T11:14:47.430+05:30 DEBUG 23680 --- [todo] [           main] org.hibernate.HQL_FUNCTIONS              : Date to_date(STRING arg0[, STRING arg1, STRING arg2])
2024-09-02T11:14:47.430+05:30 DEBUG 23680 --- [todo] [           main] org.hibernate.HQL_FUNCTIONS              : Double to_number(STRING arg0[, STRING arg1, STRING arg2])
2024-09-02T11:14:47.430+05:30 DEBUG 23680 --- [todo] [           main] org.hibernate.HQL_FUNCTIONS              : Timestamp to_timestamp(STRING arg0[, STRING arg1, STRING arg2])
2024-09-02T11:14:47.430+05:30 DEBUG 23680 --- [todo] [           main] org.hibernate.HQL_FUNCTIONS              : String translate(STRING arg0, STRING arg1, STRING arg2)
2024-09-02T11:14:47.431+05:30 DEBUG 23680 --- [todo] [           main] org.hibernate.HQL_FUNCTIONS              : String trim([[{leading|trailing|both} ][STRING arg0 ]from] STRING arg1)
2024-09-02T11:14:47.431+05:30 DEBUG 23680 --- [todo] [           main] org.hibernate.HQL_FUNCTIONS              : trunc( ... )
2024-09-02T11:14:47.431+05:30 DEBUG 23680 --- [todo] [           main] org.hibernate.HQL_FUNCTIONS              : truncate( ... )
2024-09-02T11:14:47.431+05:30 DEBUG 23680 --- [todo] [           main] org.hibernate.HQL_FUNCTIONS              : String upper(STRING string)
2024-09-02T11:14:47.431+05:30 DEBUG 23680 --- [todo] [           main] org.hibernate.HQL_FUNCTIONS              : Double var_pop(NUMERIC arg)
2024-09-02T11:14:47.431+05:30 DEBUG 23680 --- [todo] [           main] org.hibernate.HQL_FUNCTIONS              : Double var_samp(NUMERIC arg)
2024-09-02T11:14:47.431+05:30 DEBUG 23680 --- [todo] [           main] org.hibernate.HQL_FUNCTIONS              : Double variance(NUMERIC arg)
2024-09-02T11:14:47.434+05:30 DEBUG 23680 --- [todo] [           main] org.hibernate.orm.query.plan.cache       : Starting QueryInterpretationCache(2048)
2024-09-02T11:14:47.501+05:30 DEBUG 23680 --- [todo] [           main] .h.s.i.SessionFactoryServiceRegistryImpl : EventListenerRegistry access via ServiceRegistry is deprecated.  Use `sessionFactory.getEventEngine().getListenerRegistry()` instead
2024-09-02T11:14:47.502+05:30 DEBUG 23680 --- [todo] [           main] h.e.i.EntityCopyObserverFactoryInitiator : Configured EntityCopyObserver strategy: disallow
2024-09-02T11:14:47.587+05:30 DEBUG 23680 --- [todo] [           main] o.h.boot.internal.ClassLoaderAccessImpl  : Not known whether passed class name [com.mk.todo.entity.Task] is safe
2024-09-02T11:14:47.587+05:30 DEBUG 23680 --- [todo] [           main] o.h.boot.internal.ClassLoaderAccessImpl  : No temp ClassLoader provided; using live ClassLoader for loading potentially unsafe class : com.mk.todo.entity.Task
2024-09-02T11:14:47.791+05:30 DEBUG 23680 --- [todo] [           main] o.h.b.i.bytebuddy.BytecodeProviderImpl   : HHH000513: Unable to create the ReflectionOptimizer for [com.mk.todo.entity.Task]: private accessor [completed]
2024-09-02T11:14:47.820+05:30 DEBUG 23680 --- [todo] [           main] o.hibernate.orm.model.mapping.creation   : Starting post-init callbacks
2024-09-02T11:14:47.820+05:30 DEBUG 23680 --- [todo] [           main] o.hibernate.orm.model.mapping.creation   : Starting PostInitCallbackEntry : Entity(com.mk.todo.entity.Task) `staticFetchableList` generator
2024-09-02T11:14:47.895+05:30 DEBUG 23680 --- [todo] [           main] org.hibernate.orm.sql.ast.create         : Created new SQL alias : t1_0
2024-09-02T11:14:47.897+05:30 DEBUG 23680 --- [todo] [           main] org.hibernate.orm.sql.ast.create         : Registration of TableGroup [StandardTableGroup(com.mk.todo.entity.Task)] with identifierForTableGroup [com.mk.todo.entity.Task] for NavigablePath [com.mk.todo.entity.Task] 
2024-09-02T11:14:47.910+05:30 DEBUG 23680 --- [todo] [           main] org.hibernate.orm.results.graph.AST      : DomainResult Graph:
 \-EntityResultImpl [com.mk.todo.entity.Task]
 |  +-BasicFetch [com.mk.todo.entity.Task.completed]
 |  \-BasicFetch [com.mk.todo.entity.Task.description]

2024-09-02T11:14:47.912+05:30 DEBUG 23680 --- [todo] [           main] org.hibernate.orm.sql.ast.tree           : SQL AST Tree:
    SelectStatement {
      FromClause {
        StandardTableGroup (t1 : com.mk.todo.entity.Task) {
          primaryTableReference : tasks as t1_0
        }
      }
    }

2024-09-02T11:14:47.920+05:30 DEBUG 23680 --- [todo] [           main] o.h.p.entity.AbstractEntityPersister     : Static SQL for entity: com.mk.todo.entity.Task
2024-09-02T11:14:47.920+05:30 DEBUG 23680 --- [todo] [           main] o.h.p.entity.AbstractEntityPersister     :  Version select: select id from tasks where id=?
2024-09-02T11:14:47.921+05:30 DEBUG 23680 --- [todo] [           main] o.h.p.entity.AbstractEntityPersister     :  Insert (0): insert into tasks (completed,description) values (?,?) returning id
2024-09-02T11:14:47.921+05:30 DEBUG 23680 --- [todo] [           main] o.h.p.entity.AbstractEntityPersister     :  Update (0): update tasks set completed=?,description=? where id=?
2024-09-02T11:14:47.921+05:30 DEBUG 23680 --- [todo] [           main] o.h.p.entity.AbstractEntityPersister     :  Delete (0): delete from tasks where id=?
2024-09-02T11:14:47.946+05:30  INFO 23680 --- [todo] [           main] o.h.e.t.j.p.i.JtaPlatformInitiator       : HHH000489: No JTA platform available (set 'hibernate.transaction.jta.platform' to enable JTA platform integration)
2024-09-02T11:14:47.946+05:30 DEBUG 23680 --- [todo] [           main] o.h.type.spi.TypeConfiguration$Scope     : Scoping TypeConfiguration [org.hibernate.type.spi.TypeConfiguration@1846ad0f] to SessionFactoryImplementor [org.hibernate.internal.SessionFactoryImpl@4850d66b]
2024-09-02T11:14:47.947+05:30 DEBUG 23680 --- [todo] [           main] o.h.query.named.NamedObjectRepository    : Checking 0 named HQL queries
2024-09-02T11:14:47.947+05:30 DEBUG 23680 --- [todo] [           main] o.h.query.named.NamedObjectRepository    : Checking 0 named SQL queries
2024-09-02T11:14:48.008+05:30 DEBUG 23680 --- [todo] [           main] org.hibernate.mapping.Table              : No alter strings for table : tasks
2024-09-02T11:14:48.010+05:30 DEBUG 23680 --- [todo] [           main] o.h.internal.SessionFactoryRegistry      : Initializing SessionFactoryRegistry : org.hibernate.internal.SessionFactoryRegistry@3a7dcfb7
2024-09-02T11:14:48.010+05:30 DEBUG 23680 --- [todo] [           main] o.h.internal.SessionFactoryRegistry      : Registering SessionFactory: 49506857-6dee-47a7-b6ae-d8840f34a1bd (<unnamed>)
2024-09-02T11:14:48.010+05:30 DEBUG 23680 --- [todo] [           main] o.h.internal.SessionFactoryRegistry      : Not binding SessionFactory to JNDI, no JNDI name configured
2024-09-02T11:14:48.010+05:30 DEBUG 23680 --- [todo] [           main] o.hibernate.internal.SessionFactoryImpl  : Instantiated SessionFactory
2024-09-02T11:14:48.010+05:30  INFO 23680 --- [todo] [           main] j.LocalContainerEntityManagerFactoryBean : Initialized JPA EntityManagerFactory for persistence unit 'default'
2024-09-02T11:14:48.215+05:30 DEBUG 23680 --- [todo] [           main] o.h.stat.internal.StatisticsInitiator    : Statistics initialized [enabled=false]
2024-09-02T11:14:48.497+05:30  WARN 23680 --- [todo] [           main] JpaBaseConfiguration$JpaWebConfiguration : spring.jpa.open-in-view is enabled by default. Therefore, database queries may be performed during view rendering. Explicitly configure spring.jpa.open-in-view to disable this warning
2024-09-02T11:14:49.010+05:30  INFO 23680 --- [todo] [           main] com.mk.todo.TodoApplicationTests         : Started TodoApplicationTests in 4.904 seconds (process running for 5.956)
]]></system-out>
    <system-err><![CDATA[WARNING: A Java agent has been loaded dynamically (C:\Users\Mukesh Kumar\.m2\repository\net\bytebuddy\byte-buddy-agent\1.14.16\byte-buddy-agent-1.14.16.jar)
WARNING: If a serviceability tool is in use, please run with -XX:+EnableDynamicAgentLoading to hide this warning
WARNING: If a serviceability tool is not in use, please run with -Djdk.instrument.traceUsage for more information
WARNING: Dynamic loading of agents will be disallowed by default in a future release
]]></system-err>
  </testcase>
</testsuite>